This file contains any messages produced by compilers while
running configure, to aid debugging if configure makes a mistake.

It was created by liblxi configure 1.13, which was
generated by GNU Autoconf 2.69.  Invocation command line was

  $ ./configure 

## --------- ##
## Platform. ##
## --------- ##

hostname = cassdev-HP-ProDesk-400-G3-DM
uname -m = x86_64
uname -r = 4.15.0-20-generic
uname -s = Linux
uname -v = #21-Ubuntu SMP Tue Apr 24 06:16:15 UTC 2018

/usr/bin/uname -p = unknown
/bin/uname -X     = unknown

/bin/arch              = unknown
/usr/bin/arch -k       = unknown
/usr/convex/getsysinfo = unknown
/usr/bin/hostinfo      = unknown
/bin/machine           = unknown
/usr/bin/oslevel       = unknown
/bin/universe          = unknown

PATH: /usr/local/sbin
PATH: /usr/local/bin
PATH: /usr/sbin
PATH: /usr/bin
PATH: /sbin
PATH: /bin
PATH: /usr/games
PATH: /usr/local/games
PATH: /snap/bin


## ----------- ##
## Core tests. ##
## ----------- ##

configure:2300: checking for a BSD-compatible install
configure:2368: result: /usr/bin/install -c
configure:2379: checking whether build environment is sane
configure:2434: result: yes
configure:2585: checking for a thread-safe mkdir -p
configure:2624: result: /bin/mkdir -p
configure:2631: checking for gawk
configure:2647: found /usr/bin/gawk
configure:2658: result: gawk
configure:2669: checking whether make sets $(MAKE)
configure:2691: result: yes
configure:2720: checking whether make supports nested variables
configure:2737: result: yes
configure:2874: checking whether make supports nested variables
configure:2891: result: yes
configure:2914: checking for style of include used by make
configure:2942: result: GNU
configure:3013: checking for gcc
configure:3029: found /usr/bin/gcc
configure:3040: result: gcc
configure:3269: checking for C compiler version
configure:3278: gcc --version >&5
gcc (Ubuntu 7.3.0-27ubuntu1~18.04) 7.3.0
Copyright (C) 2017 Free Software Foundation, Inc.
This is free software; see the source for copying conditions.  There is NO
warranty; not even for MERCHANTABILITY or FITNESS FOR A PARTICULAR PURPOSE.

configure:3289: $? = 0
configure:3278: gcc -v >&5
Using built-in specs.
COLLECT_GCC=gcc
COLLECT_LTO_WRAPPER=/usr/lib/gcc/x86_64-linux-gnu/7/lto-wrapper
OFFLOAD_TARGET_NAMES=nvptx-none
OFFLOAD_TARGET_DEFAULT=1
Target: x86_64-linux-gnu
Configured with: ../src/configure -v --with-pkgversion='Ubuntu 7.3.0-27ubuntu1~18.04' --with-bugurl=file:///usr/share/doc/gcc-7/README.Bugs --enable-languages=c,ada,c++,go,brig,d,fortran,objc,obj-c++ --prefix=/usr --with-gcc-major-version-only --program-suffix=-7 --program-prefix=x86_64-linux-gnu- --enable-shared --enable-linker-build-id --libexecdir=/usr/lib --without-included-gettext --enable-threads=posix --libdir=/usr/lib --enable-nls --with-sysroot=/ --enable-clocale=gnu --enable-libstdcxx-debug --enable-libstdcxx-time=yes --with-default-libstdcxx-abi=new --enable-gnu-unique-object --disable-vtable-verify --enable-libmpx --enable-plugin --enable-default-pie --with-system-zlib --with-target-system-zlib --enable-objc-gc=auto --enable-multiarch --disable-werror --with-arch-32=i686 --with-abi=m64 --with-multilib-list=m32,m64,mx32 --enable-multilib --with-tune=generic --enable-offload-targets=nvptx-none --without-cuda-driver --enable-checking=release --build=x86_64-linux-gnu --host=x86_64-linux-gnu --target=x86_64-linux-gnu
Thread model: posix
gcc version 7.3.0 (Ubuntu 7.3.0-27ubuntu1~18.04) 
configure:3289: $? = 0
configure:3278: gcc -V >&5
gcc: error: unrecognized command line option '-V'
gcc: fatal error: no input files
compilation terminated.
configure:3289: $? = 1
configure:3278: gcc -qversion >&5
gcc: error: unrecognized command line option '-qversion'; did you mean '--version'?
gcc: fatal error: no input files
compilation terminated.
configure:3289: $? = 1
configure:3309: checking whether the C compiler works
configure:3331: gcc    conftest.c  >&5
configure:3335: $? = 0
configure:3383: result: yes
configure:3386: checking for C compiler default output file name
configure:3388: result: a.out
configure:3394: checking for suffix of executables
configure:3401: gcc -o conftest    conftest.c  >&5
configure:3405: $? = 0
configure:3427: result: 
configure:3449: checking whether we are cross compiling
configure:3457: gcc -o conftest    conftest.c  >&5
configure:3461: $? = 0
configure:3468: ./conftest
configure:3472: $? = 0
configure:3487: result: no
configure:3492: checking for suffix of object files
configure:3514: gcc -c   conftest.c >&5
configure:3518: $? = 0
configure:3539: result: o
configure:3543: checking whether we are using the GNU C compiler
configure:3562: gcc -c   conftest.c >&5
configure:3562: $? = 0
configure:3571: result: yes
configure:3580: checking whether gcc accepts -g
configure:3600: gcc -c -g  conftest.c >&5
configure:3600: $? = 0
configure:3641: result: yes
configure:3658: checking for gcc option to accept ISO C89
configure:3721: gcc  -c -g -O2  conftest.c >&5
configure:3721: $? = 0
configure:3734: result: none needed
configure:3759: checking whether gcc understands -c and -o together
configure:3781: gcc -c conftest.c -o conftest2.o
configure:3784: $? = 0
configure:3781: gcc -c conftest.c -o conftest2.o
configure:3784: $? = 0
configure:3796: result: yes
configure:3815: checking dependency style of gcc
configure:3926: result: gcc3
configure:3991: checking for ar
configure:4007: found /usr/bin/ar
configure:4018: result: ar
configure:4044: checking the archiver (ar) interface
configure:4060: gcc -c -g -O2  conftest.c >&5
configure:4060: $? = 0
configure:4062: ar cru libconftest.a conftest.o >&5
ar: `u' modifier ignored since `D' is the default (see `U')
configure:4065: $? = 0
configure:4093: result: ar
configure:4144: checking build system type
configure:4158: result: x86_64-pc-linux-gnu
configure:4178: checking host system type
configure:4191: result: x86_64-pc-linux-gnu
configure:4232: checking how to print strings
configure:4259: result: printf
configure:4280: checking for a sed that does not truncate output
configure:4344: result: /bin/sed
configure:4362: checking for grep that handles long lines and -e
configure:4420: result: /bin/grep
configure:4425: checking for egrep
configure:4487: result: /bin/grep -E
configure:4492: checking for fgrep
configure:4554: result: /bin/grep -F
configure:4589: checking for ld used by gcc
configure:4656: result: /usr/bin/ld
configure:4663: checking if the linker (/usr/bin/ld) is GNU ld
configure:4678: result: yes
configure:4690: checking for BSD- or MS-compatible name lister (nm)
configure:4744: result: /usr/bin/nm -B
configure:4874: checking the name lister (/usr/bin/nm -B) interface
configure:4881: gcc -c -g -O2  conftest.c >&5
configure:4884: /usr/bin/nm -B "conftest.o"
configure:4887: output
0000000000000000 B some_variable
configure:4894: result: BSD nm
configure:4897: checking whether ln -s works
configure:4901: result: yes
configure:4909: checking the maximum length of command line arguments
configure:5040: result: 1572864
configure:5088: checking how to convert x86_64-pc-linux-gnu file names to x86_64-pc-linux-gnu format
configure:5128: result: func_convert_file_noop
configure:5135: checking how to convert x86_64-pc-linux-gnu file names to toolchain format
configure:5155: result: func_convert_file_noop
configure:5162: checking for /usr/bin/ld option to reload object files
configure:5169: result: -r
configure:5243: checking for objdump
configure:5259: found /usr/bin/objdump
configure:5270: result: objdump
configure:5302: checking how to recognize dependent libraries
configure:5502: result: pass_all
configure:5587: checking for dlltool
configure:5617: result: no
configure:5647: checking how to associate runtime and link libraries
configure:5674: result: printf %s\n
configure:5798: checking for archiver @FILE support
configure:5815: gcc -c -g -O2  conftest.c >&5
configure:5815: $? = 0
configure:5818: ar cru libconftest.a @conftest.lst >&5
ar: `u' modifier ignored since `D' is the default (see `U')
configure:5821: $? = 0
configure:5826: ar cru libconftest.a @conftest.lst >&5
ar: `u' modifier ignored since `D' is the default (see `U')
ar: conftest.o: No such file or directory
configure:5829: $? = 1
configure:5841: result: @
configure:5899: checking for strip
configure:5915: found /usr/bin/strip
configure:5926: result: strip
configure:5998: checking for ranlib
configure:6014: found /usr/bin/ranlib
configure:6025: result: ranlib
configure:6127: checking command to parse /usr/bin/nm -B output from gcc object
configure:6280: gcc -c -g -O2  conftest.c >&5
configure:6283: $? = 0
configure:6287: /usr/bin/nm -B conftest.o \| sed -n -e 's/^.*[ ]\([ABCDGIRSTW][ABCDGIRSTW]*\)[ ][ ]*\([_A-Za-z][_A-Za-z0-9]*\)$/\1 \2 \2/p' | sed '/ __gnu_lto/d' \> conftest.nm
configure:6290: $? = 0
configure:6356: gcc -o conftest -g -O2   conftest.c conftstm.o >&5
configure:6359: $? = 0
configure:6397: result: ok
configure:6444: checking for sysroot
configure:6474: result: no
configure:6481: checking for a working dd
configure:6519: result: /bin/dd
configure:6523: checking how to truncate binary pipes
configure:6538: result: /bin/dd bs=4096 count=1
configure:6674: gcc -c -g -O2  conftest.c >&5
configure:6677: $? = 0
configure:6867: checking for mt
configure:6883: found /bin/mt
configure:6894: result: mt
configure:6917: checking if mt is a manifest tool
configure:6923: mt '-?'
configure:6931: result: no
configure:7608: checking how to run the C preprocessor
configure:7639: gcc -E  conftest.c
configure:7639: $? = 0
configure:7653: gcc -E  conftest.c
conftest.c:11:10: fatal error: ac_nonexistent.h: No such file or directory
 #include <ac_nonexistent.h>
          ^~~~~~~~~~~~~~~~~~
compilation terminated.
configure:7653: $? = 1
configure: failed program was:
| /* confdefs.h */
| #define PACKAGE_NAME "liblxi"
| #define PACKAGE_TARNAME "liblxi"
| #define PACKAGE_VERSION "1.13"
| #define PACKAGE_STRING "liblxi 1.13"
| #define PACKAGE_BUGREPORT ""
| #define PACKAGE_URL "https://lxi-tools.github.io"
| #define PACKAGE "liblxi"
| #define VERSION "1.13"
| /* end confdefs.h.  */
| #include <ac_nonexistent.h>
configure:7678: result: gcc -E
configure:7698: gcc -E  conftest.c
configure:7698: $? = 0
configure:7712: gcc -E  conftest.c
conftest.c:11:10: fatal error: ac_nonexistent.h: No such file or directory
 #include <ac_nonexistent.h>
          ^~~~~~~~~~~~~~~~~~
compilation terminated.
configure:7712: $? = 1
configure: failed program was:
| /* confdefs.h */
| #define PACKAGE_NAME "liblxi"
| #define PACKAGE_TARNAME "liblxi"
| #define PACKAGE_VERSION "1.13"
| #define PACKAGE_STRING "liblxi 1.13"
| #define PACKAGE_BUGREPORT ""
| #define PACKAGE_URL "https://lxi-tools.github.io"
| #define PACKAGE "liblxi"
| #define VERSION "1.13"
| /* end confdefs.h.  */
| #include <ac_nonexistent.h>
configure:7741: checking for ANSI C header files
configure:7761: gcc -c -g -O2  conftest.c >&5
configure:7761: $? = 0
configure:7834: gcc -o conftest -g -O2   conftest.c  >&5
configure:7834: $? = 0
configure:7834: ./conftest
configure:7834: $? = 0
configure:7845: result: yes
configure:7858: checking for sys/types.h
configure:7858: gcc -c -g -O2  conftest.c >&5
configure:7858: $? = 0
configure:7858: result: yes
configure:7858: checking for sys/stat.h
configure:7858: gcc -c -g -O2  conftest.c >&5
configure:7858: $? = 0
configure:7858: result: yes
configure:7858: checking for stdlib.h
configure:7858: gcc -c -g -O2  conftest.c >&5
configure:7858: $? = 0
configure:7858: result: yes
configure:7858: checking for string.h
configure:7858: gcc -c -g -O2  conftest.c >&5
configure:7858: $? = 0
configure:7858: result: yes
configure:7858: checking for memory.h
configure:7858: gcc -c -g -O2  conftest.c >&5
configure:7858: $? = 0
configure:7858: result: yes
configure:7858: checking for strings.h
configure:7858: gcc -c -g -O2  conftest.c >&5
configure:7858: $? = 0
configure:7858: result: yes
configure:7858: checking for inttypes.h
configure:7858: gcc -c -g -O2  conftest.c >&5
configure:7858: $? = 0
configure:7858: result: yes
configure:7858: checking for stdint.h
configure:7858: gcc -c -g -O2  conftest.c >&5
configure:7858: $? = 0
configure:7858: result: yes
configure:7858: checking for unistd.h
configure:7858: gcc -c -g -O2  conftest.c >&5
configure:7858: $? = 0
configure:7858: result: yes
configure:7872: checking for dlfcn.h
configure:7872: gcc -c -g -O2  conftest.c >&5
configure:7872: $? = 0
configure:7872: result: yes
configure:8128: checking for objdir
configure:8143: result: .libs
configure:8403: checking if gcc supports -fno-rtti -fno-exceptions
configure:8421: gcc -c -g -O2  -fno-rtti -fno-exceptions conftest.c >&5
cc1: warning: command line option '-fno-rtti' is valid for C++/ObjC++ but not for C
configure:8425: $? = 0
configure:8438: result: no
configure:8796: checking for gcc option to produce PIC
configure:8803: result: -fPIC -DPIC
configure:8811: checking if gcc PIC flag -fPIC -DPIC works
configure:8829: gcc -c -g -O2  -fPIC -DPIC -DPIC conftest.c >&5
configure:8833: $? = 0
configure:8846: result: yes
configure:8875: checking if gcc static flag -static works
configure:8903: result: yes
configure:8918: checking if gcc supports -c -o file.o
configure:8939: gcc -c -g -O2  -o out/conftest2.o conftest.c >&5
configure:8943: $? = 0
configure:8965: result: yes
configure:8973: checking if gcc supports -c -o file.o
configure:9020: result: yes
configure:9053: checking whether the gcc linker (/usr/bin/ld -m elf_x86_64) supports shared libraries
configure:10316: result: yes
configure:10353: checking whether -lc should be explicitly linked in
configure:10361: gcc -c -g -O2  conftest.c >&5
configure:10364: $? = 0
configure:10379: gcc -shared  -fPIC -DPIC conftest.o  -v -Wl,-soname -Wl,conftest -o conftest 2\>\&1 \| /bin/grep  -lc  \>/dev/null 2\>\&1
configure:10382: $? = 0
configure:10396: result: no
configure:10556: checking dynamic linker characteristics
configure:11137: gcc -o conftest -g -O2   -Wl,-rpath -Wl,/foo conftest.c  >&5
configure:11137: $? = 0
configure:11386: result: GNU/Linux ld.so
configure:11508: checking how to hardcode library paths into programs
configure:11533: result: immediate
configure:12081: checking whether stripping libraries is possible
configure:12086: result: yes
configure:12121: checking if libtool supports shared libraries
configure:12123: result: yes
configure:12126: checking whether to build shared libraries
configure:12151: result: yes
configure:12154: checking whether to build static libraries
configure:12158: result: yes
configure:12311: checking for gcc
configure:12338: result: gcc
configure:12567: checking for C compiler version
configure:12576: gcc --version >&5
gcc (Ubuntu 7.3.0-27ubuntu1~18.04) 7.3.0
Copyright (C) 2017 Free Software Foundation, Inc.
This is free software; see the source for copying conditions.  There is NO
warranty; not even for MERCHANTABILITY or FITNESS FOR A PARTICULAR PURPOSE.

configure:12587: $? = 0
configure:12576: gcc -v >&5
Using built-in specs.
COLLECT_GCC=gcc
COLLECT_LTO_WRAPPER=/usr/lib/gcc/x86_64-linux-gnu/7/lto-wrapper
OFFLOAD_TARGET_NAMES=nvptx-none
OFFLOAD_TARGET_DEFAULT=1
Target: x86_64-linux-gnu
Configured with: ../src/configure -v --with-pkgversion='Ubuntu 7.3.0-27ubuntu1~18.04' --with-bugurl=file:///usr/share/doc/gcc-7/README.Bugs --enable-languages=c,ada,c++,go,brig,d,fortran,objc,obj-c++ --prefix=/usr --with-gcc-major-version-only --program-suffix=-7 --program-prefix=x86_64-linux-gnu- --enable-shared --enable-linker-build-id --libexecdir=/usr/lib --without-included-gettext --enable-threads=posix --libdir=/usr/lib --enable-nls --with-sysroot=/ --enable-clocale=gnu --enable-libstdcxx-debug --enable-libstdcxx-time=yes --with-default-libstdcxx-abi=new --enable-gnu-unique-object --disable-vtable-verify --enable-libmpx --enable-plugin --enable-default-pie --with-system-zlib --with-target-system-zlib --enable-objc-gc=auto --enable-multiarch --disable-werror --with-arch-32=i686 --with-abi=m64 --with-multilib-list=m32,m64,mx32 --enable-multilib --with-tune=generic --enable-offload-targets=nvptx-none --without-cuda-driver --enable-checking=release --build=x86_64-linux-gnu --host=x86_64-linux-gnu --target=x86_64-linux-gnu
Thread model: posix
gcc version 7.3.0 (Ubuntu 7.3.0-27ubuntu1~18.04) 
configure:12587: $? = 0
configure:12576: gcc -V >&5
gcc: error: unrecognized command line option '-V'
gcc: fatal error: no input files
compilation terminated.
configure:12587: $? = 1
configure:12576: gcc -qversion >&5
gcc: error: unrecognized command line option '-qversion'; did you mean '--version'?
gcc: fatal error: no input files
compilation terminated.
configure:12587: $? = 1
configure:12591: checking whether we are using the GNU C compiler
configure:12619: result: yes
configure:12628: checking whether gcc accepts -g
configure:12689: result: yes
configure:12706: checking for gcc option to accept ISO C89
configure:12782: result: none needed
configure:12807: checking whether gcc understands -c and -o together
configure:12844: result: yes
configure:12863: checking dependency style of gcc
configure:12974: result: gcc3
configure:13050: checking for pkg-config
configure:13068: found /usr/bin/pkg-config
configure:13080: result: /usr/bin/pkg-config
configure:13105: checking pkg-config is at least version 0.9.0
configure:13108: result: yes
configure:13121: checking rpc/rpc.h usability
configure:13121: gcc -c -g -O2  conftest.c >&5
configure:13121: $? = 0
configure:13121: result: yes
configure:13121: checking rpc/rpc.h presence
configure:13121: gcc -E  conftest.c
configure:13121: $? = 0
configure:13121: result: yes
configure:13121: checking for rpc/rpc.h
configure:13121: result: yes
configure:13232: checking for rpcgen
configure:13250: found /usr/bin/rpcgen
configure:13262: result: /usr/bin/rpcgen
configure:13283: checking for avahi_client_new in -lavahi-client
configure:13308: gcc -o conftest -g -O2   conftest.c -lavahi-client   >&5
configure:13308: $? = 0
configure:13317: result: yes
configure:13325: checking for avahi_simple_poll_new in -lavahi-common
configure:13350: gcc -o conftest -g -O2   conftest.c -lavahi-common   >&5
configure:13350: $? = 0
configure:13359: result: yes
configure:13389: checking for LIBXML2_PC
configure:13396: $PKG_CONFIG --exists --print-errors "libxml-2.0"
configure:13399: $? = 0
configure:13413: $PKG_CONFIG --exists --print-errors "libxml-2.0"
configure:13416: $? = 0
configure:13454: result: yes
configure:13458: checking for xmlInitParser in -lxml2
configure:13483: gcc -o conftest -g -O2  -I/usr/include/libxml2  conftest.c -lxml2   -lxml2 >&5
configure:13483: $? = 0
configure:13492: result: yes
configure:13510: checking libxml/xmlreader.h usability
configure:13510: gcc -c -g -O2  -I/usr/include/libxml2 conftest.c >&5
configure:13510: $? = 0
configure:13510: result: yes
configure:13510: checking libxml/xmlreader.h presence
configure:13510: gcc -E  -I/usr/include/libxml2 conftest.c
configure:13510: $? = 0
configure:13510: result: yes
configure:13510: checking for libxml/xmlreader.h
configure:13510: result: yes
configure:13510: checking libxml/xmlwriter.h usability
configure:13510: gcc -c -g -O2  -I/usr/include/libxml2 conftest.c >&5
configure:13510: $? = 0
configure:13510: result: yes
configure:13510: checking libxml/xmlwriter.h presence
configure:13510: gcc -E  -I/usr/include/libxml2 conftest.c
configure:13510: $? = 0
configure:13510: result: yes
configure:13510: checking for libxml/xmlwriter.h
configure:13510: result: yes
configure:13636: checking that generated files are newer than configure
configure:13642: result: done
configure:13673: creating ./config.status

## ---------------------- ##
## Running config.status. ##
## ---------------------- ##

This file was extended by liblxi config.status 1.13, which was
generated by GNU Autoconf 2.69.  Invocation command line was

  CONFIG_FILES    = 
  CONFIG_HEADERS  = 
  CONFIG_LINKS    = 
  CONFIG_COMMANDS = 
  $ ./config.status 

on cassdev-HP-ProDesk-400-G3-DM

config.status:1103: creating Makefile
config.status:1103: creating src/Makefile
config.status:1103: creating man/Makefile
config.status:1103: creating src/include/config.h
config.status:1332: executing depfiles commands
config.status:1332: executing libtool commands

## ---------------- ##
## Cache variables. ##
## ---------------- ##

ac_cv_build=x86_64-pc-linux-gnu
ac_cv_c_compiler_gnu=yes
ac_cv_env_CC_set=
ac_cv_env_CC_value=
ac_cv_env_CFLAGS_set=
ac_cv_env_CFLAGS_value=
ac_cv_env_CPPFLAGS_set=
ac_cv_env_CPPFLAGS_value=
ac_cv_env_CPP_set=
ac_cv_env_CPP_value=
ac_cv_env_LDFLAGS_set=
ac_cv_env_LDFLAGS_value=
ac_cv_env_LIBS_set=
ac_cv_env_LIBS_value=
ac_cv_env_LIBXML2_PC_CFLAGS_set=
ac_cv_env_LIBXML2_PC_CFLAGS_value=
ac_cv_env_LIBXML2_PC_LIBS_set=
ac_cv_env_LIBXML2_PC_LIBS_value=
ac_cv_env_LT_SYS_LIBRARY_PATH_set=
ac_cv_env_LT_SYS_LIBRARY_PATH_value=
ac_cv_env_PKG_CONFIG_LIBDIR_set=
ac_cv_env_PKG_CONFIG_LIBDIR_value=
ac_cv_env_PKG_CONFIG_PATH_set=
ac_cv_env_PKG_CONFIG_PATH_value=
ac_cv_env_PKG_CONFIG_set=
ac_cv_env_PKG_CONFIG_value=
ac_cv_env_RPCGEN_set=
ac_cv_env_RPCGEN_value=
ac_cv_env_build_alias_set=
ac_cv_env_build_alias_value=
ac_cv_env_host_alias_set=
ac_cv_env_host_alias_value=
ac_cv_env_libtirpc_CFLAGS_set=
ac_cv_env_libtirpc_CFLAGS_value=
ac_cv_env_libtirpc_LIBS_set=
ac_cv_env_libtirpc_LIBS_value=
ac_cv_env_target_alias_set=
ac_cv_env_target_alias_value=
ac_cv_header_dlfcn_h=yes
ac_cv_header_inttypes_h=yes
ac_cv_header_libxml_xmlreader_h=yes
ac_cv_header_libxml_xmlwriter_h=yes
ac_cv_header_memory_h=yes
ac_cv_header_rpc_rpc_h=yes
ac_cv_header_stdc=yes
ac_cv_header_stdint_h=yes
ac_cv_header_stdlib_h=yes
ac_cv_header_string_h=yes
ac_cv_header_strings_h=yes
ac_cv_header_sys_stat_h=yes
ac_cv_header_sys_types_h=yes
ac_cv_header_unistd_h=yes
ac_cv_host=x86_64-pc-linux-gnu
ac_cv_lib_avahi_client_avahi_client_new=yes
ac_cv_lib_avahi_common_avahi_simple_poll_new=yes
ac_cv_lib_xml2_xmlInitParser=yes
ac_cv_objext=o
ac_cv_path_EGREP='/bin/grep -E'
ac_cv_path_FGREP='/bin/grep -F'
ac_cv_path_GREP=/bin/grep
ac_cv_path_RPCGEN=/usr/bin/rpcgen
ac_cv_path_SED=/bin/sed
ac_cv_path_ac_pt_PKG_CONFIG=/usr/bin/pkg-config
ac_cv_path_install='/usr/bin/install -c'
ac_cv_path_lt_DD=/bin/dd
ac_cv_path_mkdir=/bin/mkdir
ac_cv_prog_AWK=gawk
ac_cv_prog_CPP='gcc -E'
ac_cv_prog_ac_ct_AR=ar
ac_cv_prog_ac_ct_CC=gcc
ac_cv_prog_ac_ct_MANIFEST_TOOL=mt
ac_cv_prog_ac_ct_OBJDUMP=objdump
ac_cv_prog_ac_ct_RANLIB=ranlib
ac_cv_prog_ac_ct_STRIP=strip
ac_cv_prog_cc_c89=
ac_cv_prog_cc_g=yes
ac_cv_prog_make_make_set=yes
am_cv_CC_dependencies_compiler_type=gcc3
am_cv_ar_interface=ar
am_cv_make_support_nested_variables=yes
am_cv_prog_cc_c_o=yes
lt_cv_ar_at_file=@
lt_cv_archive_cmds_need_lc=no
lt_cv_deplibs_check_method=pass_all
lt_cv_file_magic_cmd='$MAGIC_CMD'
lt_cv_file_magic_test_file=
lt_cv_ld_reload_flag=-r
lt_cv_nm_interface='BSD nm'
lt_cv_objdir=.libs
lt_cv_path_LD=/usr/bin/ld
lt_cv_path_NM='/usr/bin/nm -B'
lt_cv_path_mainfest_tool=no
lt_cv_prog_compiler_c_o=yes
lt_cv_prog_compiler_pic='-fPIC -DPIC'
lt_cv_prog_compiler_pic_works=yes
lt_cv_prog_compiler_rtti_exceptions=no
lt_cv_prog_compiler_static_works=yes
lt_cv_prog_gnu_ld=yes
lt_cv_sharedlib_from_linklib_cmd='printf %s\n'
lt_cv_shlibpath_overrides_runpath=yes
lt_cv_sys_global_symbol_pipe='sed -n -e '\''s/^.*[	 ]\([ABCDGIRSTW][ABCDGIRSTW]*\)[	 ][	 ]*\([_A-Za-z][_A-Za-z0-9]*\)$/\1 \2 \2/p'\'' | sed '\''/ __gnu_lto/d'\'''
lt_cv_sys_global_symbol_to_c_name_address='sed -n -e '\''s/^: \(.*\) .*$/  {"\1", (void *) 0},/p'\'' -e '\''s/^[ABCDGIRSTW][ABCDGIRSTW]* .* \(.*\)$/  {"\1", (void *) \&\1},/p'\'''
lt_cv_sys_global_symbol_to_c_name_address_lib_prefix='sed -n -e '\''s/^: \(.*\) .*$/  {"\1", (void *) 0},/p'\'' -e '\''s/^[ABCDGIRSTW][ABCDGIRSTW]* .* \(lib.*\)$/  {"\1", (void *) \&\1},/p'\'' -e '\''s/^[ABCDGIRSTW][ABCDGIRSTW]* .* \(.*\)$/  {"lib\1", (void *) \&\1},/p'\'''
lt_cv_sys_global_symbol_to_cdecl='sed -n -e '\''s/^T .* \(.*\)$/extern int \1();/p'\'' -e '\''s/^[ABCDGIRSTW][ABCDGIRSTW]* .* \(.*\)$/extern char \1;/p'\'''
lt_cv_sys_global_symbol_to_import=
lt_cv_sys_max_cmd_len=1572864
lt_cv_to_host_file_cmd=func_convert_file_noop
lt_cv_to_tool_file_cmd=func_convert_file_noop
lt_cv_truncate_bin='/bin/dd bs=4096 count=1'
pkg_cv_LIBXML2_PC_CFLAGS=-I/usr/include/libxml2
pkg_cv_LIBXML2_PC_LIBS=-lxml2

## ----------------- ##
## Output variables. ##
## ----------------- ##

ACLOCAL='${SHELL} /home/cassdev/Documents/Source/Libraries/LXI/liblxi-1.13/missing aclocal-1.15'
AMDEPBACKSLASH='\'
AMDEP_FALSE='#'
AMDEP_TRUE=''
AMTAR='$${TAR-tar}'
AM_BACKSLASH='\'
AM_DEFAULT_V='$(AM_DEFAULT_VERBOSITY)'
AM_DEFAULT_VERBOSITY='0'
AM_V='$(V)'
AR='ar'
AUTOCONF='${SHELL} /home/cassdev/Documents/Source/Libraries/LXI/liblxi-1.13/missing autoconf'
AUTOHEADER='${SHELL} /home/cassdev/Documents/Source/Libraries/LXI/liblxi-1.13/missing autoheader'
AUTOMAKE='${SHELL} /home/cassdev/Documents/Source/Libraries/LXI/liblxi-1.13/missing automake-1.15'
AWK='gawk'
CC='gcc'
CCDEPMODE='depmode=gcc3'
CFLAGS='-g -O2'
CPP='gcc -E'
CPPFLAGS=' -I/usr/include/libxml2'
CYGPATH_W='echo'
DEFS='-DHAVE_CONFIG_H'
DEPDIR='.deps'
DLLTOOL='false'
DSYMUTIL=''
DUMPBIN=''
ECHO_C=''
ECHO_N='-n'
ECHO_T=''
EGREP='/bin/grep -E'
EXEEXT=''
FGREP='/bin/grep -F'
GREP='/bin/grep'
HAVE_AVAHI_FALSE='#'
HAVE_AVAHI_TRUE=''
INSTALL_DATA='${INSTALL} -m 644'
INSTALL_PROGRAM='${INSTALL}'
INSTALL_SCRIPT='${INSTALL}'
INSTALL_STRIP_PROGRAM='$(install_sh) -c -s'
LD='/usr/bin/ld -m elf_x86_64'
LDFLAGS=''
LIBLXI_LT_VERSION='1:0:0'
LIBOBJS=''
LIBS='-lxml2  -lxml2'
LIBTOOL='$(SHELL) $(top_builddir)/libtool'
LIBXML2_PC_CFLAGS='-I/usr/include/libxml2'
LIBXML2_PC_LIBS='-lxml2'
LIPO=''
LN_S='ln -s'
LTLIBOBJS=''
LT_SYS_LIBRARY_PATH=''
MAKEINFO='${SHELL} /home/cassdev/Documents/Source/Libraries/LXI/liblxi-1.13/missing makeinfo'
MANIFEST_TOOL=':'
MKDIR_P='/bin/mkdir -p'
NM='/usr/bin/nm -B'
NMEDIT=''
OBJDUMP='objdump'
OBJEXT='o'
OTOOL64=''
OTOOL=''
PACKAGE='liblxi'
PACKAGE_BUGREPORT=''
PACKAGE_NAME='liblxi'
PACKAGE_STRING='liblxi 1.13'
PACKAGE_TARNAME='liblxi'
PACKAGE_URL='https://lxi-tools.github.io'
PACKAGE_VERSION='1.13'
PATH_SEPARATOR=':'
PKG_CONFIG='/usr/bin/pkg-config'
PKG_CONFIG_LIBDIR=''
PKG_CONFIG_PATH=''
RANLIB='ranlib'
RPCGEN='/usr/bin/rpcgen'
SED='/bin/sed'
SET_MAKE=''
SHELL='/bin/bash'
STRIP='strip'
VERSION='1.13'
ac_ct_AR='ar'
ac_ct_CC='gcc'
ac_ct_DUMPBIN=''
am__EXEEXT_FALSE=''
am__EXEEXT_TRUE='#'
am__fastdepCC_FALSE='#'
am__fastdepCC_TRUE=''
am__include='include'
am__isrc=''
am__leading_dot='.'
am__nodep='_no'
am__quote=''
am__tar='$${TAR-tar} chof - "$$tardir"'
am__untar='$${TAR-tar} xf -'
bindir='${exec_prefix}/bin'
build='x86_64-pc-linux-gnu'
build_alias=''
build_cpu='x86_64'
build_os='linux-gnu'
build_vendor='pc'
datadir='${datarootdir}'
datarootdir='${prefix}/share'
docdir='${datarootdir}/doc/${PACKAGE_TARNAME}'
dvidir='${docdir}'
exec_prefix='${prefix}'
host='x86_64-pc-linux-gnu'
host_alias=''
host_cpu='x86_64'
host_os='linux-gnu'
host_vendor='pc'
htmldir='${docdir}'
includedir='${prefix}/include'
infodir='${datarootdir}/info'
install_sh='${SHELL} /home/cassdev/Documents/Source/Libraries/LXI/liblxi-1.13/install-sh'
libdir='${exec_prefix}/lib'
libexecdir='${exec_prefix}/libexec'
libtirpc_CFLAGS=''
libtirpc_LIBS=''
localedir='${datarootdir}/locale'
localstatedir='${prefix}/var'
mandir='${datarootdir}/man'
mkdir_p='$(MKDIR_P)'
oldincludedir='/usr/include'
pdfdir='${docdir}'
prefix='/usr/local'
program_transform_name='s,x,x,'
psdir='${docdir}'
runstatedir='${localstatedir}/run'
sbindir='${exec_prefix}/sbin'
sharedstatedir='${prefix}/com'
sysconfdir='${prefix}/etc'
target_alias=''

## ----------- ##
## confdefs.h. ##
## ----------- ##

/* confdefs.h */
#define PACKAGE_NAME "liblxi"
#define PACKAGE_TARNAME "liblxi"
#define PACKAGE_VERSION "1.13"
#define PACKAGE_STRING "liblxi 1.13"
#define PACKAGE_BUGREPORT ""
#define PACKAGE_URL "https://lxi-tools.github.io"
#define PACKAGE "liblxi"
#define VERSION "1.13"
#define STDC_HEADERS 1
#define HAVE_SYS_TYPES_H 1
#define HAVE_SYS_STAT_H 1
#define HAVE_STDLIB_H 1
#define HAVE_STRING_H 1
#define HAVE_MEMORY_H 1
#define HAVE_STRINGS_H 1
#define HAVE_INTTYPES_H 1
#define HAVE_STDINT_H 1
#define HAVE_UNISTD_H 1
#define HAVE_DLFCN_H 1
#define LT_OBJDIR ".libs/"
#define HAVE_RPC_RPC_H 1
#define HAVE_AVAHI 1
#define HAVE_LIBXML2 1
#define HAVE_LIBXML_XMLREADER_H 1
#define HAVE_LIBXML_XMLWRITER_H 1

configure: exit 0
