11/05/2018 11:18:09:	RSET

11/05/2018 11:18:12:	DIGO: 0

11/05/2018 11:18:12:	SCNT: 0

11/05/2018 11:18:12:	SWPT: 0

11/05/2018 11:18:13:	SELI: 1

11/05/2018 11:18:13:	ANIN: 0

11/05/2018 11:18:13:	ANIF: 1

11/05/2018 11:18:14:	ANIF: 2

11/05/2018 11:18:14:	ANIF: 3

11/05/2018 11:18:14:	ANIN: 4

11/05/2018 11:18:14:	ANOF: 0

11/05/2018 11:18:15:	ANOF: 1

11/05/2018 11:18:15:	STAT

11/05/2018 11:18:15:	STAT

11/05/2018 11:18:15:	STAT

11/05/2018 11:18:16:	STAT

11/05/2018 11:18:16:	STAT

11/05/2018 11:18:16:	STAT

11/05/2018 11:18:16:	STAT

11/05/2018 11:18:17:	STAT

11/05/2018 11:18:17:	STAT

11/05/2018 11:18:20:	STAT

11/05/2018 11:18:20:	STAT

11/05/2018 11:18:24:	STAT

11/05/2018 11:18:24:	STAT

11/05/2018 11:18:31:	STAT

11/05/2018 11:18:34:	STAT

11/05/2018 11:18:37:	STAT

11/05/2018 11:18:38:	STAT

11/05/2018 11:18:38:	STAT

11/05/2018 11:18:38:	STAT

11/05/2018 11:18:39:	STAT

11/05/2018 11:18:39:	STAT

11/05/2018 11:18:39:	STAT

11/05/2018 11:18:39:	STAT

11/05/2018 11:18:40:	STAT

11/05/2018 11:18:40:	STAT

11/05/2018 11:18:40:	STAT

11/05/2018 11:18:45:	STAT

11/05/2018 11:18:45:	STAT

11/05/2018 11:18:50:	STAT

11/05/2018 11:18:50:	STAT

11/05/2018 11:18:55:	STAT

11/05/2018 11:18:55:	STAT

11/05/2018 11:19:00:	STAT

11/05/2018 11:19:00:	STAT

11/05/2018 11:19:05:	STAT

11/05/2018 11:19:05:	STAT

11/05/2018 11:19:10:	STAT

11/05/2018 11:19:10:	STAT

11/05/2018 11:19:10:	STAT

11/05/2018 11:19:11:	STAT

11/05/2018 11:19:11:	STAT

11/05/2018 11:19:11:	STAT

11/05/2018 11:19:11:	STAT

11/05/2018 11:19:11:	STAT

11/05/2018 11:19:17:	STAT

11/05/2018 11:19:17:	STAT

11/05/2018 11:19:17:	STAT

11/05/2018 11:19:18:	STAT

11/05/2018 11:19:18:	STAT

11/05/2018 11:19:18:	STAT

11/05/2018 11:19:18:	STAT

11/05/2018 11:19:23:	STAT

11/05/2018 11:19:23:	STAT

11/05/2018 11:19:23:	STAT

11/05/2018 11:19:23:	STAT

11/05/2018 11:19:24:	STAT

11/05/2018 11:19:24:	STAT

11/05/2018 11:19:28:	STAT

11/05/2018 11:19:28:	STAT

11/05/2018 11:19:28:	STAT

11/05/2018 11:19:28:	STAT

11/05/2018 11:19:29:	STAT

11/05/2018 11:19:29:	STAT

11/05/2018 11:19:29:	STAT

11/05/2018 11:19:29:	STAT

11/05/2018 11:19:34:	STAT

11/05/2018 11:19:34:	STAT

11/05/2018 11:19:34:	STAT

11/05/2018 11:19:34:	STAT

11/05/2018 11:19:35:	STAT

11/05/2018 11:19:35:	STAT

11/05/2018 11:19:35:	STAT

11/05/2018 11:19:40:	STAT

11/05/2018 11:19:40:	STAT

11/05/2018 11:19:40:	STAT

11/05/2018 11:19:40:	STAT

11/05/2018 11:19:41:	STAT

11/05/2018 11:19:41:	STAT

11/05/2018 11:19:46:	STAT

11/05/2018 11:19:46:	STAT

11/05/2018 11:19:46:	STAT

11/05/2018 11:19:46:	STAT

11/05/2018 11:19:47:	STAT

11/05/2018 11:19:47:	STAT

11/05/2018 11:19:47:	STAT

11/05/2018 11:19:52:	STAT

11/05/2018 11:19:52:	STAT

11/05/2018 11:19:52:	STAT

11/05/2018 11:19:53:	STAT

11/05/2018 11:19:53:	STAT

11/05/2018 11:19:53:	STAT

11/05/2018 11:19:53:	STAT

11/05/2018 11:19:58:	STAT

11/05/2018 11:19:58:	STAT

11/05/2018 11:19:58:	STAT

11/05/2018 11:19:59:	STAT

11/05/2018 11:19:59:	STAT

11/05/2018 11:19:59:	STAT

11/05/2018 11:19:59:	STAT

11/05/2018 11:20:04:	STAT

11/05/2018 11:20:04:	STAT

11/05/2018 11:20:04:	STAT

11/05/2018 11:20:05:	STAT

11/05/2018 11:20:05:	STAT

11/05/2018 11:20:05:	STAT

11/05/2018 11:20:10:	STAT

11/05/2018 11:20:10:	STAT

11/05/2018 11:20:10:	STAT

11/05/2018 11:20:11:	STAT

11/05/2018 11:20:11:	STAT

11/05/2018 11:20:11:	STAT

11/05/2018 11:20:11:	STAT

11/05/2018 11:20:16:	STAT

11/05/2018 11:20:16:	STAT

11/05/2018 11:20:16:	STAT

11/05/2018 11:20:17:	STAT

11/05/2018 11:20:21:	STAT

11/05/2018 11:20:21:	STAT

11/05/2018 11:20:21:	STAT

11/05/2018 11:20:26:	STAT

11/05/2018 11:20:26:	STAT

11/05/2018 11:20:26:	STAT

11/05/2018 11:20:31:	STAT

11/05/2018 11:20:31:	STAT

11/05/2018 11:20:31:	STAT

11/05/2018 11:20:31:	STAT

11/05/2018 11:20:36:	STAT

11/05/2018 11:20:36:	STAT

11/05/2018 11:20:36:	STAT

11/05/2018 11:20:37:	STAT

11/05/2018 11:20:37:	STAT

11/05/2018 11:20:37:	STAT

11/05/2018 11:20:37:	STAT

11/05/2018 11:20:42:	STAT

11/05/2018 11:20:42:	STAT

11/05/2018 11:20:42:	STAT

11/05/2018 11:20:42:	STAT

11/05/2018 11:20:47:	STAT

11/05/2018 11:20:47:	STAT

11/05/2018 11:20:47:	STAT

11/05/2018 11:20:47:	STAT

11/05/2018 11:20:48:	STAT

11/05/2018 11:20:48:	STAT

11/05/2018 11:20:48:	STAT

11/05/2018 11:20:52:	STAT

11/05/2018 11:20:52:	STAT

11/05/2018 11:20:52:	STAT

11/05/2018 11:20:53:	STAT

11/05/2018 11:20:53:	STAT

11/05/2018 11:20:53:	STAT

11/05/2018 11:20:53:	STAT

11/05/2018 11:20:58:	STAT

11/05/2018 11:20:58:	STAT

11/05/2018 11:20:58:	STAT

11/05/2018 11:20:59:	STAT

11/05/2018 11:20:59:	STAT

11/05/2018 11:20:59:	STAT

11/05/2018 11:20:59:	STAT

11/05/2018 11:21:04:	STAT

11/05/2018 11:21:04:	STAT

11/05/2018 11:21:04:	STAT

11/05/2018 11:21:04:	STAT

11/05/2018 11:21:05:	STAT

11/05/2018 11:21:05:	STAT

11/05/2018 11:21:05:	STAT

11/05/2018 11:21:08:	STAT

11/05/2018 11:21:08:	STAT

11/05/2018 11:21:08:	STAT

11/05/2018 11:21:09:	STAT

11/05/2018 11:21:09:	STAT

11/05/2018 11:21:09:	STAT

11/05/2018 11:21:09:	STAT

11/05/2018 11:21:12:	STAT

11/05/2018 11:21:12:	STAT

11/05/2018 11:21:12:	STAT

11/05/2018 11:21:12:	STAT

11/05/2018 11:21:13:	STAT

11/05/2018 11:21:13:	STAT

11/05/2018 11:21:17:	STAT

11/05/2018 11:21:17:	STAT

11/05/2018 11:21:17:	STAT

11/05/2018 11:21:17:	STAT

11/05/2018 11:21:18:	STAT

11/05/2018 11:21:23:	STAT

11/05/2018 11:21:23:	STAT

11/05/2018 11:21:23:	STAT

11/05/2018 11:21:23:	STAT

11/05/2018 11:21:24:	STAT

11/05/2018 11:21:24:	STAT

11/05/2018 11:21:24:	STAT

11/05/2018 11:21:29:	STAT

11/05/2018 11:21:29:	STAT

11/05/2018 11:21:29:	STAT

11/05/2018 11:21:30:	STAT

11/05/2018 11:21:30:	STAT

11/05/2018 11:21:34:	STAT

11/05/2018 11:21:34:	STAT

11/05/2018 11:21:34:	STAT

11/05/2018 11:21:35:	STAT

11/05/2018 11:21:35:	STAT

11/05/2018 11:21:39:	STAT

11/05/2018 11:21:39:	STAT

11/05/2018 11:21:39:	STAT

11/05/2018 11:21:39:	STAT

11/05/2018 11:21:44:	STAT

11/05/2018 11:21:44:	STAT

11/05/2018 11:21:44:	STAT

11/05/2018 11:21:45:	STAT

11/05/2018 11:21:49:	STAT

11/05/2018 11:21:49:	STAT

11/05/2018 11:21:49:	STAT

11/05/2018 11:21:49:	Resending command...

11/05/2018 11:21:53:	Resending command...

11/05/2018 11:21:53:	STAT

11/05/2018 11:21:53:	STAT

11/05/2018 11:21:53:	STAT

11/05/2018 11:21:56:	STAT

11/05/2018 11:21:56:	STAT

11/05/2018 11:21:56:	STAT

11/05/2018 11:21:56:	STAT

11/05/2018 11:21:57:	STAT

11/05/2018 11:22:01:	STAT

11/05/2018 11:22:01:	STAT

11/05/2018 11:22:01:	STAT

11/05/2018 11:22:01:	STAT

11/05/2018 11:22:02:	STAT

11/05/2018 11:22:02:	STAT

11/05/2018 11:22:02:	STAT

11/05/2018 11:22:07:	STAT

11/05/2018 11:22:07:	STAT

11/05/2018 11:22:07:	STAT

11/05/2018 11:22:08:	STAT

11/05/2018 11:22:08:	STAT

11/05/2018 11:22:08:	STAT

11/05/2018 11:22:13:	STAT

11/05/2018 11:22:13:	STAT

11/05/2018 11:22:13:	STAT

11/05/2018 11:22:14:	STAT

11/05/2018 11:22:14:	STAT

11/05/2018 11:22:14:	STAT

11/05/2018 11:22:14:	STAT

11/05/2018 11:22:14:	STAT

11/05/2018 11:22:19:	STAT

11/05/2018 11:22:19:	STAT

11/05/2018 11:22:19:	STAT

11/05/2018 11:22:20:	STAT

11/05/2018 11:22:20:	STAT

11/05/2018 11:22:20:	STAT

11/05/2018 11:22:20:	STAT

11/05/2018 11:22:24:	STAT

11/05/2018 11:22:24:	STAT

11/05/2018 11:22:24:	STAT

11/05/2018 11:22:24:	STAT

11/05/2018 11:22:25:	STAT

11/05/2018 11:22:25:	STAT

11/05/2018 11:22:25:	STAT

11/05/2018 11:22:30:	STAT

11/05/2018 11:22:30:	STAT

11/05/2018 11:22:30:	STAT

11/05/2018 11:22:30:	STAT

11/05/2018 11:22:31:	STAT

11/05/2018 11:22:31:	STAT

11/05/2018 11:22:31:	STAT

11/05/2018 11:22:36:	STAT

11/05/2018 11:22:36:	STAT

11/05/2018 11:22:36:	STAT

11/05/2018 11:22:36:	STAT

11/05/2018 11:22:37:	STAT

11/05/2018 11:22:41:	STAT

11/05/2018 11:22:41:	STAT

11/05/2018 11:22:41:	STAT

11/05/2018 11:22:42:	STAT

11/05/2018 11:22:42:	STAT

11/05/2018 11:22:42:	STAT

11/05/2018 11:22:47:	STAT

