07/12/2012 09:21:29:	DoSetOutputState()
07/12/2012 09:21:30:	DoSetAmplitudeModulation()
07/12/2012 09:21:30:	DoSetPulseModulation()
07/12/2012 09:21:30:	DoSetPulseModFrequency()
07/12/2012 12:25:45:	DoSetAmplitudeModulation()
07/12/2012 12:25:45:	DoSetPulseModulation()
07/12/2012 12:25:45:	DoSetPulseModFrequency()
07/12/2012 12:58:05:	DoSetAmplitudeModulation()
07/12/2012 12:58:05:	DoSetPulseModulation()
07/12/2012 12:58:05:	DoSetPulseModFrequency()
07/12/2012 12:58:05:	DoSetOutputState()
07/12/2012 12:58:05:	DoSetAmplitude()
07/12/2012 12:58:05:	DoSetFrequency()
07/12/2012 12:58:05:	DoSetAmplitude()
07/12/2012 12:58:05:	DoSetAmplitude()
07/12/2012 12:58:05:	DoSetAmplitude()
07/12/2012 12:58:06:	DoSetAmplitude()
07/12/2012 12:58:06:	DoSetAmplitude()
07/12/2012 12:58:06:	DoSetAmplitude()
07/12/2012 12:58:06:	DoSetAmplitude()
07/12/2012 12:58:06:	DoSetAmplitudeModulation()
07/12/2012 12:58:06:	DoSetPulseModulation()
07/12/2012 12:58:06:	DoSetPulseModFrequency()
07/12/2012 12:58:07:	DoSetAmplitude()
07/12/2012 12:58:07:	DoSetAmplitude()
07/12/2012 12:58:07:	DoSetAmplitude()
07/12/2012 12:58:07:	DoSetAmplitude()
07/12/2012 12:58:07:	DoSetAmplitude()
07/12/2012 12:58:08:	DoSetAmplitude()
07/12/2012 12:58:08:	DoSetAmplitude()
07/12/2012 12:58:08:	DoSetAmplitude()
07/12/2012 12:58:08:	DoSetAmplitude()
07/12/2012 12:58:09:	DoSetAmplitude()
07/12/2012 12:58:09:	DoSetAmplitude()
07/12/2012 12:58:09:	DoSetAmplitude()
07/12/2012 12:58:09:	DoSetAmplitude()
07/12/2012 12:58:09:	DoSetAmplitude()
07/12/2012 12:58:10:	DoSetAmplitude()
07/12/2012 12:58:10:	DoSetAmplitude()
07/12/2012 12:58:10:	DoSetAmplitude()
07/12/2012 12:58:10:	DoSetAmplitude()
07/12/2012 12:58:11:	DoSetAmplitude()
07/12/2012 12:58:11:	DoSetAmplitude()
07/12/2012 12:58:11:	DoSetAmplitude()
07/12/2012 12:58:11:	DoSetAmplitude()
07/12/2012 12:58:11:	DoSetAmplitude()
07/12/2012 12:58:12:	DoSetOutputState()
07/12/2012 12:58:22:	DoSetAmplitudeModulation()
07/12/2012 12:58:22:	DoSetPulseModulation()
07/12/2012 12:58:22:	DoSetPulseModFrequency()
07/12/2012 12:58:29:	DoSetOutputState()
07/12/2012 12:58:29:	DoSetAmplitude()
07/12/2012 12:58:29:	DoSetFrequency()
07/12/2012 12:58:29:	DoSetAmplitude()
07/12/2012 12:58:29:	DoSetAmplitude()
07/12/2012 12:58:30:	DoSetAmplitude()
07/12/2012 12:58:30:	DoSetAmplitude()
07/12/2012 12:58:30:	DoSetAmplitude()
07/12/2012 12:58:30:	DoSetAmplitude()
07/12/2012 12:58:30:	DoSetAmplitude()
07/12/2012 12:58:31:	DoSetAmplitude()
07/12/2012 12:58:31:	DoSetAmplitude()
07/12/2012 12:58:31:	DoSetAmplitude()
07/12/2012 12:58:31:	DoSetAmplitude()
07/12/2012 12:58:31:	DoSetAmplitude()
07/12/2012 12:58:32:	DoSetAmplitude()
07/12/2012 12:58:32:	DoSetAmplitude()
07/12/2012 12:58:32:	DoSetAmplitude()
07/12/2012 12:58:32:	DoSetAmplitude()
07/12/2012 12:58:35:	DoSetAmplitudeModulation()
07/12/2012 12:58:37:	DoSetAmplitudeModulation()
07/12/2012 12:58:37:	DoSetPulseModulation()
07/12/2012 12:58:37:	DoSetAmplitude()
07/12/2012 12:58:37:	DoSetFrequency()
07/12/2012 12:58:37:	DoSetAmplitude()
07/12/2012 12:58:39:	DoSetAmplitudeModulation()
07/12/2012 12:58:42:	DoSetAmplitudeModulation()
07/12/2012 12:58:42:	DoSetPulseModulation()
07/12/2012 12:58:42:	DoSetAmplitude()
07/12/2012 12:58:42:	DoSetFrequency()
07/12/2012 12:58:42:	DoSetAmplitude()
07/12/2012 12:58:42:	DoSetAmplitude()
07/12/2012 12:58:44:	DoSetAmplitudeModulation()
07/12/2012 12:58:47:	DoSetAmplitudeModulation()
07/12/2012 12:58:47:	DoSetPulseModulation()
07/12/2012 12:58:47:	DoSetAmplitude()
07/12/2012 12:58:47:	DoSetFrequency()
07/12/2012 12:58:47:	DoSetAmplitude()
07/12/2012 12:58:47:	DoSetAmplitude()
07/12/2012 12:58:49:	DoSetAmplitudeModulation()
07/12/2012 12:58:52:	DoSetAmplitudeModulation()
07/12/2012 12:58:52:	DoSetPulseModulation()
07/12/2012 12:58:52:	DoSetAmplitude()
07/12/2012 12:58:52:	DoSetFrequency()
07/12/2012 12:58:52:	DoSetAmplitude()
07/12/2012 12:58:52:	DoSetAmplitude()
07/12/2012 12:58:54:	DoSetAmplitudeModulation()
07/12/2012 12:58:57:	DoSetAmplitudeModulation()
07/12/2012 12:58:57:	DoSetPulseModulation()
07/12/2012 12:58:57:	DoSetAmplitude()
07/12/2012 12:58:57:	DoSetFrequency()
07/12/2012 12:58:57:	DoSetAmplitude()
07/12/2012 12:58:57:	DoSetAmplitude()
07/12/2012 12:58:59:	DoSetAmplitudeModulation()
07/12/2012 12:59:02:	DoSetAmplitudeModulation()
07/12/2012 12:59:02:	DoSetPulseModulation()
07/12/2012 12:59:02:	DoSetAmplitude()
07/12/2012 12:59:02:	DoSetFrequency()
07/12/2012 12:59:04:	DoSetAmplitudeModulation()
07/12/2012 12:59:07:	DoSetAmplitudeModulation()
07/12/2012 12:59:07:	DoSetPulseModulation()
07/12/2012 12:59:07:	DoSetAmplitude()
07/12/2012 12:59:07:	DoSetFrequency()
07/12/2012 12:59:07:	DoSetAmplitude()
07/12/2012 12:59:07:	DoSetAmplitude()
07/12/2012 12:59:09:	DoSetAmplitudeModulation()
07/12/2012 12:59:12:	DoSetAmplitudeModulation()
07/12/2012 12:59:12:	DoSetPulseModulation()
07/12/2012 12:59:12:	DoSetAmplitude()
07/12/2012 12:59:12:	DoSetFrequency()
07/12/2012 12:59:14:	DoSetAmplitudeModulation()
07/12/2012 12:59:17:	DoSetAmplitudeModulation()
07/12/2012 12:59:17:	DoSetPulseModulation()
07/12/2012 12:59:17:	DoSetAmplitude()
07/12/2012 12:59:17:	DoSetFrequency()
07/12/2012 12:59:19:	DoSetAmplitudeModulation()
07/12/2012 12:59:22:	DoSetAmplitudeModulation()
07/12/2012 12:59:22:	DoSetPulseModulation()
07/12/2012 12:59:22:	DoSetAmplitude()
07/12/2012 12:59:22:	DoSetFrequency()
07/12/2012 12:59:22:	DoSetAmplitude()
07/12/2012 12:59:22:	DoSetAmplitude()
07/12/2012 12:59:24:	DoSetAmplitudeModulation()
07/12/2012 12:59:27:	DoSetAmplitudeModulation()
07/12/2012 12:59:27:	DoSetPulseModulation()
07/12/2012 12:59:27:	DoSetAmplitude()
07/12/2012 12:59:27:	DoSetFrequency()
07/12/2012 12:59:29:	DoSetAmplitudeModulation()
07/12/2012 12:59:32:	DoSetAmplitudeModulation()
07/12/2012 12:59:32:	DoSetPulseModulation()
07/12/2012 12:59:32:	DoSetAmplitude()
07/12/2012 12:59:32:	DoSetFrequency()
07/12/2012 12:59:34:	DoSetAmplitudeModulation()
07/12/2012 12:59:37:	DoSetAmplitudeModulation()
07/12/2012 12:59:37:	DoSetPulseModulation()
07/12/2012 12:59:37:	DoSetAmplitude()
07/12/2012 12:59:37:	DoSetFrequency()
07/12/2012 12:59:39:	DoSetAmplitudeModulation()
07/12/2012 12:59:42:	DoSetAmplitudeModulation()
07/12/2012 12:59:42:	DoSetPulseModulation()
07/12/2012 12:59:42:	DoSetAmplitude()
07/12/2012 12:59:42:	DoSetFrequency()
07/12/2012 12:59:44:	DoSetAmplitudeModulation()
07/12/2012 12:59:47:	DoSetAmplitudeModulation()
07/12/2012 12:59:47:	DoSetPulseModulation()
07/12/2012 12:59:47:	DoSetAmplitude()
07/12/2012 12:59:47:	DoSetFrequency()
07/12/2012 12:59:49:	DoSetAmplitudeModulation()
07/12/2012 12:59:52:	DoSetAmplitudeModulation()
07/12/2012 12:59:52:	DoSetPulseModulation()
07/12/2012 12:59:52:	DoSetAmplitude()
07/12/2012 12:59:52:	DoSetFrequency()
07/12/2012 12:59:52:	DoSetAmplitude()
07/12/2012 12:59:52:	DoSetAmplitude()
07/12/2012 12:59:54:	DoSetAmplitudeModulation()
07/12/2012 12:59:57:	DoSetAmplitudeModulation()
07/12/2012 12:59:57:	DoSetPulseModulation()
07/12/2012 12:59:57:	DoSetAmplitude()
07/12/2012 12:59:57:	DoSetFrequency()
07/12/2012 12:59:59:	DoSetAmplitudeModulation()
07/12/2012 13:00:02:	DoSetAmplitudeModulation()
07/12/2012 13:00:02:	DoSetPulseModulation()
07/12/2012 13:00:02:	DoSetAmplitude()
07/12/2012 13:00:02:	DoSetFrequency()
07/12/2012 13:00:04:	DoSetAmplitudeModulation()
07/12/2012 13:00:07:	DoSetAmplitudeModulation()
07/12/2012 13:00:07:	DoSetPulseModulation()
07/12/2012 13:00:07:	DoSetAmplitude()
07/12/2012 13:00:07:	DoSetFrequency()
07/12/2012 13:00:09:	DoSetAmplitudeModulation()
07/12/2012 13:00:12:	DoSetAmplitudeModulation()
07/12/2012 13:00:12:	DoSetPulseModulation()
07/12/2012 13:00:12:	DoSetAmplitude()
07/12/2012 13:00:12:	DoSetFrequency()
07/12/2012 13:00:14:	DoSetAmplitudeModulation()
07/12/2012 13:00:17:	DoSetAmplitudeModulation()
07/12/2012 13:00:17:	DoSetPulseModulation()
07/12/2012 13:00:17:	DoSetAmplitude()
07/12/2012 13:00:17:	DoSetFrequency()
07/12/2012 13:00:19:	DoSetAmplitudeModulation()
07/12/2012 13:00:22:	DoSetAmplitudeModulation()
07/12/2012 13:00:22:	DoSetPulseModulation()
07/12/2012 13:00:22:	DoSetAmplitude()
07/12/2012 13:00:22:	DoSetFrequency()
07/12/2012 13:00:22:	DoSetAmplitude()
07/12/2012 13:00:24:	DoSetAmplitudeModulation()
07/12/2012 13:00:27:	DoSetAmplitudeModulation()
07/12/2012 13:00:27:	DoSetPulseModulation()
07/12/2012 13:00:27:	DoSetAmplitude()
07/12/2012 13:00:27:	DoSetFrequency()
07/12/2012 13:00:29:	DoSetAmplitudeModulation()
07/12/2012 13:00:32:	DoSetAmplitudeModulation()
07/12/2012 13:00:32:	DoSetPulseModulation()
07/12/2012 13:00:32:	DoSetAmplitude()
07/12/2012 13:00:32:	DoSetFrequency()
07/12/2012 13:00:34:	DoSetAmplitudeModulation()
07/12/2012 13:00:37:	DoSetAmplitudeModulation()
07/12/2012 13:00:37:	DoSetPulseModulation()
07/12/2012 13:00:37:	DoSetAmplitude()
07/12/2012 13:00:37:	DoSetFrequency()
07/12/2012 13:00:39:	DoSetAmplitudeModulation()
07/12/2012 13:00:42:	DoSetAmplitudeModulation()
07/12/2012 13:00:42:	DoSetPulseModulation()
07/12/2012 13:00:42:	DoSetAmplitude()
07/12/2012 13:00:42:	DoSetFrequency()
07/12/2012 13:00:42:	DoSetAmplitude()
07/12/2012 13:00:44:	DoSetAmplitudeModulation()
07/12/2012 13:00:47:	DoSetAmplitudeModulation()
07/12/2012 13:00:47:	DoSetPulseModulation()
07/12/2012 13:00:47:	DoSetAmplitude()
07/12/2012 13:00:47:	DoSetFrequency()
07/12/2012 13:00:49:	DoSetAmplitudeModulation()
07/12/2012 13:00:52:	DoSetAmplitudeModulation()
07/12/2012 13:00:52:	DoSetPulseModulation()
07/12/2012 13:00:52:	DoSetAmplitude()
07/12/2012 13:00:52:	DoSetFrequency()
07/12/2012 13:00:54:	DoSetAmplitudeModulation()
07/12/2012 13:00:57:	DoSetAmplitudeModulation()
07/12/2012 13:00:57:	DoSetPulseModulation()
07/12/2012 13:00:57:	DoSetAmplitude()
07/12/2012 13:00:57:	DoSetFrequency()
07/12/2012 13:00:59:	DoSetAmplitudeModulation()
07/12/2012 13:01:02:	DoSetAmplitudeModulation()
07/12/2012 13:01:02:	DoSetPulseModulation()
07/12/2012 13:01:02:	DoSetAmplitude()
07/12/2012 13:01:02:	DoSetFrequency()
07/12/2012 13:01:04:	DoSetAmplitudeModulation()
07/12/2012 13:01:07:	DoSetAmplitudeModulation()
07/12/2012 13:01:07:	DoSetPulseModulation()
07/12/2012 13:01:07:	DoSetAmplitude()
07/12/2012 13:01:07:	DoSetFrequency()
07/12/2012 13:01:09:	DoSetAmplitudeModulation()
07/12/2012 13:01:12:	DoSetAmplitudeModulation()
07/12/2012 13:01:12:	DoSetPulseModulation()
07/12/2012 13:01:12:	DoSetAmplitude()
07/12/2012 13:01:12:	DoSetFrequency()
07/12/2012 13:01:14:	DoSetAmplitudeModulation()
07/12/2012 13:01:17:	DoSetAmplitudeModulation()
07/12/2012 13:01:17:	DoSetPulseModulation()
07/12/2012 13:01:17:	DoSetAmplitude()
07/12/2012 13:01:17:	DoSetFrequency()
07/12/2012 13:01:19:	DoSetAmplitudeModulation()
07/12/2012 13:01:22:	DoSetAmplitudeModulation()
07/12/2012 13:01:22:	DoSetPulseModulation()
07/12/2012 13:01:22:	DoSetAmplitude()
07/12/2012 13:01:22:	DoSetFrequency()
07/12/2012 13:01:24:	DoSetAmplitudeModulation()
07/12/2012 13:01:27:	DoSetAmplitudeModulation()
07/12/2012 13:01:27:	DoSetPulseModulation()
07/12/2012 13:01:27:	DoSetAmplitude()
07/12/2012 13:01:27:	DoSetFrequency()
07/12/2012 13:01:29:	DoSetAmplitudeModulation()
07/12/2012 13:01:32:	DoSetAmplitudeModulation()
07/12/2012 13:01:32:	DoSetPulseModulation()
07/12/2012 13:01:32:	DoSetAmplitude()
07/12/2012 13:01:32:	DoSetFrequency()
07/12/2012 13:01:34:	DoSetAmplitudeModulation()
07/12/2012 13:01:37:	DoSetAmplitudeModulation()
07/12/2012 13:01:37:	DoSetPulseModulation()
07/12/2012 13:01:37:	DoSetAmplitude()
07/12/2012 13:01:37:	DoSetFrequency()
07/12/2012 13:01:39:	DoSetAmplitudeModulation()
07/12/2012 13:01:42:	DoSetAmplitudeModulation()
07/12/2012 13:01:42:	DoSetPulseModulation()
07/12/2012 13:01:42:	DoSetAmplitude()
07/12/2012 13:01:42:	DoSetFrequency()
07/12/2012 13:01:44:	DoSetAmplitudeModulation()
07/12/2012 13:01:47:	DoSetAmplitudeModulation()
07/12/2012 13:01:47:	DoSetPulseModulation()
07/12/2012 13:01:47:	DoSetAmplitude()
07/12/2012 13:01:47:	DoSetFrequency()
07/12/2012 13:01:49:	DoSetAmplitudeModulation()
07/12/2012 13:01:52:	DoSetAmplitudeModulation()
07/12/2012 13:01:52:	DoSetPulseModulation()
07/12/2012 13:01:52:	DoSetAmplitude()
07/12/2012 13:01:52:	DoSetFrequency()
07/12/2012 13:01:54:	DoSetAmplitudeModulation()
07/12/2012 13:01:57:	DoSetAmplitudeModulation()
07/12/2012 13:01:57:	DoSetPulseModulation()
07/12/2012 13:01:57:	DoSetAmplitude()
07/12/2012 13:01:57:	DoSetFrequency()
07/12/2012 13:01:59:	DoSetAmplitudeModulation()
07/12/2012 13:02:02:	DoSetAmplitudeModulation()
07/12/2012 13:02:02:	DoSetPulseModulation()
07/12/2012 13:02:02:	DoSetAmplitude()
07/12/2012 13:02:02:	DoSetFrequency()
07/12/2012 13:02:04:	DoSetAmplitudeModulation()
07/12/2012 13:02:07:	DoSetAmplitudeModulation()
07/12/2012 13:02:07:	DoSetPulseModulation()
07/12/2012 13:02:07:	DoSetAmplitude()
07/12/2012 13:02:07:	DoSetFrequency()
07/12/2012 13:02:09:	DoSetAmplitudeModulation()
07/12/2012 13:02:12:	DoSetAmplitudeModulation()
07/12/2012 13:02:12:	DoSetPulseModulation()
07/12/2012 13:02:12:	DoSetAmplitude()
07/12/2012 13:02:12:	DoSetFrequency()
07/12/2012 13:02:12:	DoSetAmplitude()
07/12/2012 13:02:14:	DoSetAmplitudeModulation()
07/12/2012 13:02:17:	DoSetAmplitudeModulation()
07/12/2012 13:02:17:	DoSetPulseModulation()
07/12/2012 13:02:17:	DoSetAmplitude()
07/12/2012 13:02:17:	DoSetFrequency()
07/12/2012 13:02:19:	DoSetAmplitudeModulation()
07/12/2012 13:02:22:	DoSetAmplitudeModulation()
07/12/2012 13:02:22:	DoSetPulseModulation()
07/12/2012 13:02:22:	DoSetAmplitude()
07/12/2012 13:02:22:	DoSetFrequency()
07/12/2012 13:02:22:	DoSetAmplitude()
07/12/2012 13:02:24:	DoSetAmplitudeModulation()
07/12/2012 13:02:27:	DoSetAmplitudeModulation()
07/12/2012 13:02:27:	DoSetPulseModulation()
07/12/2012 13:02:27:	DoSetAmplitude()
07/12/2012 13:02:27:	DoSetFrequency()
07/12/2012 13:02:29:	DoSetAmplitudeModulation()
07/12/2012 13:02:32:	DoSetAmplitudeModulation()
07/12/2012 13:02:32:	DoSetPulseModulation()
07/12/2012 13:02:32:	DoSetAmplitude()
07/12/2012 13:02:32:	DoSetFrequency()
07/12/2012 13:02:32:	DoSetAmplitude()
07/12/2012 13:02:34:	DoSetAmplitudeModulation()
07/12/2012 13:02:37:	DoSetAmplitudeModulation()
07/12/2012 13:02:37:	DoSetPulseModulation()
07/12/2012 13:02:37:	DoSetAmplitude()
07/12/2012 13:02:37:	DoSetFrequency()
07/12/2012 13:02:39:	DoSetAmplitudeModulation()
07/12/2012 13:02:42:	DoSetAmplitudeModulation()
07/12/2012 13:02:42:	DoSetPulseModulation()
07/12/2012 13:02:42:	DoSetAmplitude()
07/12/2012 13:02:42:	DoSetFrequency()
07/12/2012 13:02:42:	DoSetAmplitude()
07/12/2012 13:02:44:	DoSetAmplitudeModulation()
07/12/2012 13:02:47:	DoSetAmplitudeModulation()
07/12/2012 13:02:47:	DoSetPulseModulation()
07/12/2012 13:02:47:	DoSetAmplitude()
07/12/2012 13:02:47:	DoSetFrequency()
07/12/2012 13:02:47:	DoSetAmplitude()
07/12/2012 13:02:49:	DoSetAmplitudeModulation()
07/12/2012 13:02:52:	DoSetAmplitudeModulation()
07/12/2012 13:02:52:	DoSetPulseModulation()
07/12/2012 13:02:52:	DoSetAmplitude()
07/12/2012 13:02:52:	DoSetFrequency()
07/12/2012 13:02:54:	DoSetAmplitudeModulation()
07/12/2012 13:02:57:	DoSetAmplitudeModulation()
07/12/2012 13:02:57:	DoSetPulseModulation()
07/12/2012 13:02:57:	DoSetAmplitude()
07/12/2012 13:02:57:	DoSetFrequency()
07/12/2012 13:02:59:	DoSetAmplitudeModulation()
07/12/2012 13:03:02:	DoSetAmplitudeModulation()
07/12/2012 13:03:02:	DoSetPulseModulation()
07/12/2012 13:03:02:	DoSetAmplitude()
07/12/2012 13:03:02:	DoSetFrequency()
07/12/2012 13:03:04:	DoSetAmplitudeModulation()
07/12/2012 13:03:07:	DoSetAmplitudeModulation()
07/12/2012 13:03:07:	DoSetPulseModulation()
07/12/2012 13:03:07:	DoSetAmplitude()
07/12/2012 13:03:07:	DoSetFrequency()
07/12/2012 13:03:09:	DoSetAmplitudeModulation()
07/12/2012 13:03:12:	DoSetAmplitudeModulation()
07/12/2012 13:03:12:	DoSetPulseModulation()
07/12/2012 13:03:12:	DoSetAmplitude()
07/12/2012 13:03:12:	DoSetFrequency()
07/12/2012 13:03:14:	DoSetAmplitudeModulation()
07/12/2012 13:03:17:	DoSetAmplitudeModulation()
07/12/2012 13:03:17:	DoSetPulseModulation()
07/12/2012 13:03:17:	DoSetAmplitude()
07/12/2012 13:03:17:	DoSetFrequency()
07/12/2012 13:03:19:	DoSetAmplitudeModulation()
07/12/2012 13:03:22:	DoSetAmplitudeModulation()
07/12/2012 13:03:22:	DoSetPulseModulation()
07/12/2012 13:03:22:	DoSetAmplitude()
07/12/2012 13:03:22:	DoSetFrequency()
07/12/2012 13:03:24:	DoSetAmplitudeModulation()
07/12/2012 13:03:27:	DoSetAmplitudeModulation()
07/12/2012 13:03:27:	DoSetPulseModulation()
07/12/2012 13:03:27:	DoSetAmplitude()
07/12/2012 13:03:27:	DoSetFrequency()
07/12/2012 13:03:29:	DoSetAmplitudeModulation()
07/12/2012 13:03:32:	DoSetAmplitudeModulation()
07/12/2012 13:03:32:	DoSetPulseModulation()
07/12/2012 13:03:32:	DoSetAmplitude()
07/12/2012 13:03:32:	DoSetFrequency()
07/12/2012 13:03:32:	DoSetAmplitude()
07/12/2012 13:03:32:	DoSetAmplitude()
07/12/2012 13:03:34:	DoSetAmplitudeModulation()
07/12/2012 13:03:37:	DoSetAmplitudeModulation()
07/12/2012 13:03:37:	DoSetPulseModulation()
07/12/2012 13:03:37:	DoSetAmplitude()
07/12/2012 13:03:37:	DoSetFrequency()
07/12/2012 13:03:39:	DoSetAmplitudeModulation()
07/12/2012 13:03:42:	DoSetAmplitudeModulation()
07/12/2012 13:03:42:	DoSetPulseModulation()
07/12/2012 13:03:42:	DoSetAmplitude()
07/12/2012 13:03:42:	DoSetFrequency()
07/12/2012 13:03:44:	DoSetAmplitudeModulation()
07/12/2012 13:03:47:	DoSetAmplitudeModulation()
07/12/2012 13:03:47:	DoSetPulseModulation()
07/12/2012 13:03:47:	DoSetAmplitude()
07/12/2012 13:03:47:	DoSetFrequency()
07/12/2012 13:03:49:	DoSetAmplitudeModulation()
07/12/2012 13:03:52:	DoSetAmplitudeModulation()
07/12/2012 13:03:52:	DoSetPulseModulation()
07/12/2012 13:03:52:	DoSetAmplitude()
07/12/2012 13:03:52:	DoSetFrequency()
07/12/2012 13:03:52:	DoSetAmplitude()
07/12/2012 13:03:54:	DoSetAmplitudeModulation()
07/12/2012 13:03:57:	DoSetAmplitudeModulation()
07/12/2012 13:03:57:	DoSetPulseModulation()
07/12/2012 13:03:57:	DoSetAmplitude()
07/12/2012 13:03:57:	DoSetFrequency()
07/12/2012 13:03:59:	DoSetAmplitudeModulation()
07/12/2012 13:04:02:	DoSetAmplitudeModulation()
07/12/2012 13:04:02:	DoSetPulseModulation()
07/12/2012 13:04:02:	DoSetAmplitude()
07/12/2012 13:04:02:	DoSetFrequency()
07/12/2012 13:04:02:	DoSetAmplitude()
07/12/2012 13:04:04:	DoSetAmplitudeModulation()
07/12/2012 13:04:07:	DoSetAmplitudeModulation()
07/12/2012 13:04:07:	DoSetPulseModulation()
07/12/2012 13:04:07:	DoSetAmplitude()
07/12/2012 13:04:07:	DoSetFrequency()
07/12/2012 13:04:09:	DoSetAmplitudeModulation()
07/12/2012 13:04:12:	DoSetAmplitudeModulation()
07/12/2012 13:04:12:	DoSetPulseModulation()
07/12/2012 13:04:12:	DoSetAmplitude()
07/12/2012 13:04:12:	DoSetFrequency()
07/12/2012 13:04:12:	DoSetAmplitude()
07/12/2012 13:04:12:	DoSetAmplitude()
07/12/2012 13:04:14:	DoSetAmplitudeModulation()
07/12/2012 13:04:17:	DoSetAmplitudeModulation()
07/12/2012 13:04:17:	DoSetPulseModulation()
07/12/2012 13:04:17:	DoSetAmplitude()
07/12/2012 13:04:17:	DoSetFrequency()
07/12/2012 13:04:19:	DoSetAmplitudeModulation()
07/12/2012 13:04:22:	DoSetAmplitudeModulation()
07/12/2012 13:04:22:	DoSetPulseModulation()
07/12/2012 13:04:22:	DoSetAmplitude()
07/12/2012 13:04:22:	DoSetFrequency()
07/12/2012 13:04:22:	DoSetAmplitude()
07/12/2012 13:04:24:	DoSetAmplitudeModulation()
07/12/2012 13:04:27:	DoSetAmplitudeModulation()
07/12/2012 13:04:27:	DoSetPulseModulation()
07/12/2012 13:04:27:	DoSetAmplitude()
07/12/2012 13:04:27:	DoSetFrequency()
07/12/2012 13:04:29:	DoSetAmplitudeModulation()
07/12/2012 13:04:32:	DoSetAmplitudeModulation()
07/12/2012 13:04:32:	DoSetPulseModulation()
07/12/2012 13:04:32:	DoSetAmplitude()
07/12/2012 13:04:32:	DoSetFrequency()
07/12/2012 13:04:34:	DoSetAmplitudeModulation()
07/12/2012 13:04:37:	DoSetAmplitudeModulation()
07/12/2012 13:04:37:	DoSetPulseModulation()
07/12/2012 13:04:37:	DoSetAmplitude()
07/12/2012 13:04:37:	DoSetFrequency()
07/12/2012 13:04:39:	DoSetAmplitudeModulation()
07/12/2012 13:04:42:	DoSetAmplitudeModulation()
07/12/2012 13:04:42:	DoSetPulseModulation()
07/12/2012 13:04:42:	DoSetAmplitude()
07/12/2012 13:04:42:	DoSetFrequency()
07/12/2012 13:04:42:	DoSetAmplitude()
07/12/2012 13:04:44:	DoSetAmplitudeModulation()
07/12/2012 13:04:47:	DoSetAmplitudeModulation()
07/12/2012 13:04:47:	DoSetPulseModulation()
07/12/2012 13:04:47:	DoSetAmplitude()
07/12/2012 13:04:47:	DoSetFrequency()
07/12/2012 13:04:47:	DoSetAmplitude()
07/12/2012 13:04:49:	DoSetAmplitudeModulation()
07/12/2012 13:04:52:	DoSetAmplitudeModulation()
07/12/2012 13:04:52:	DoSetPulseModulation()
07/12/2012 13:04:52:	DoSetAmplitude()
07/12/2012 13:04:52:	DoSetFrequency()
07/12/2012 13:04:52:	DoSetAmplitude()
07/12/2012 13:04:54:	DoSetAmplitudeModulation()
07/12/2012 13:04:57:	DoSetAmplitudeModulation()
07/12/2012 13:04:57:	DoSetPulseModulation()
07/12/2012 13:04:57:	DoSetAmplitude()
07/12/2012 13:04:57:	DoSetFrequency()
07/12/2012 13:04:57:	DoSetAmplitude()
07/12/2012 13:04:59:	DoSetAmplitudeModulation()
07/12/2012 13:05:02:	DoSetAmplitudeModulation()
07/12/2012 13:05:02:	DoSetPulseModulation()
07/12/2012 13:05:02:	DoSetAmplitude()
07/12/2012 13:05:02:	DoSetFrequency()
07/12/2012 13:05:02:	DoSetAmplitude()
07/12/2012 13:05:04:	DoSetAmplitudeModulation()
07/12/2012 13:05:07:	DoSetAmplitudeModulation()
07/12/2012 13:05:07:	DoSetPulseModulation()
07/12/2012 13:05:07:	DoSetAmplitude()
07/12/2012 13:05:07:	DoSetFrequency()
07/12/2012 13:05:07:	DoSetAmplitude()
07/12/2012 13:05:09:	DoSetAmplitudeModulation()
07/12/2012 13:05:12:	DoSetAmplitudeModulation()
07/12/2012 13:05:12:	DoSetPulseModulation()
07/12/2012 13:05:12:	DoSetAmplitude()
07/12/2012 13:05:12:	DoSetFrequency()
07/12/2012 13:05:14:	DoSetAmplitudeModulation()
07/12/2012 13:05:17:	DoSetAmplitudeModulation()
07/12/2012 13:05:17:	DoSetPulseModulation()
07/12/2012 13:05:17:	DoSetAmplitude()
07/12/2012 13:05:17:	DoSetFrequency()
07/12/2012 13:05:17:	DoSetAmplitude()
07/12/2012 13:05:17:	DoSetAmplitude()
07/12/2012 13:05:19:	DoSetAmplitudeModulation()
07/12/2012 13:05:22:	DoSetAmplitudeModulation()
07/12/2012 13:05:22:	DoSetPulseModulation()
07/12/2012 13:05:22:	DoSetAmplitude()
07/12/2012 13:05:22:	DoSetFrequency()
07/12/2012 13:05:22:	DoSetAmplitude()
07/12/2012 13:05:22:	DoSetAmplitude()
07/12/2012 13:05:24:	DoSetAmplitudeModulation()
07/12/2012 13:05:27:	DoSetAmplitudeModulation()
07/12/2012 13:05:27:	DoSetPulseModulation()
07/12/2012 13:05:27:	DoSetAmplitude()
07/12/2012 13:05:27:	DoSetFrequency()
07/12/2012 13:05:29:	DoSetAmplitudeModulation()
07/12/2012 13:05:32:	DoSetAmplitudeModulation()
07/12/2012 13:05:32:	DoSetPulseModulation()
07/12/2012 13:05:32:	DoSetAmplitude()
07/12/2012 13:05:32:	DoSetFrequency()
07/12/2012 13:05:32:	DoSetAmplitude()
07/12/2012 13:05:32:	DoSetAmplitude()
07/12/2012 13:05:34:	DoSetAmplitudeModulation()
07/12/2012 13:05:37:	DoSetAmplitudeModulation()
07/12/2012 13:05:37:	DoSetPulseModulation()
07/12/2012 13:05:37:	DoSetAmplitude()
07/12/2012 13:05:37:	DoSetFrequency()
07/12/2012 13:05:37:	DoSetAmplitude()
07/12/2012 13:05:37:	DoSetAmplitude()
07/12/2012 13:05:39:	DoSetAmplitudeModulation()
07/12/2012 13:05:42:	DoSetAmplitudeModulation()
07/12/2012 13:05:42:	DoSetPulseModulation()
07/12/2012 13:05:42:	DoSetAmplitude()
07/12/2012 13:05:42:	DoSetFrequency()
07/12/2012 13:05:44:	DoSetAmplitudeModulation()
07/12/2012 13:05:47:	DoSetAmplitudeModulation()
07/12/2012 13:05:47:	DoSetPulseModulation()
07/12/2012 13:05:47:	DoSetAmplitude()
07/12/2012 13:05:47:	DoSetFrequency()
07/12/2012 13:05:47:	DoSetAmplitude()
07/12/2012 13:05:47:	DoSetAmplitude()
07/12/2012 13:05:49:	DoSetAmplitudeModulation()
07/12/2012 13:05:52:	DoSetAmplitudeModulation()
07/12/2012 13:05:52:	DoSetPulseModulation()
07/12/2012 13:05:52:	DoSetAmplitude()
07/12/2012 13:05:52:	DoSetFrequency()
07/12/2012 13:05:52:	DoSetAmplitude()
07/12/2012 13:05:52:	DoSetAmplitude()
07/12/2012 13:05:54:	DoSetAmplitudeModulation()
07/12/2012 13:05:57:	DoSetAmplitudeModulation()
07/12/2012 13:05:57:	DoSetPulseModulation()
07/12/2012 13:05:57:	DoSetAmplitude()
07/12/2012 13:05:57:	DoSetFrequency()
07/12/2012 13:05:59:	DoSetAmplitudeModulation()
07/12/2012 13:06:02:	DoSetAmplitudeModulation()
07/12/2012 13:06:02:	DoSetPulseModulation()
07/12/2012 13:06:02:	DoSetAmplitude()
07/12/2012 13:06:02:	DoSetFrequency()
07/12/2012 13:06:02:	DoSetAmplitude()
07/12/2012 13:06:03:	DoSetAmplitudeModulation()
07/12/2012 13:06:06:	DoSetAmplitudeModulation()
07/12/2012 13:06:06:	DoSetPulseModulation()
07/12/2012 13:06:06:	DoSetAmplitude()
07/12/2012 13:06:06:	DoSetFrequency()
07/12/2012 13:06:08:	DoSetAmplitudeModulation()
07/12/2012 13:06:11:	DoSetAmplitudeModulation()
07/12/2012 13:06:11:	DoSetPulseModulation()
07/12/2012 13:06:11:	DoSetAmplitude()
07/12/2012 13:06:11:	DoSetFrequency()
07/12/2012 13:06:11:	DoSetAmplitude()
07/12/2012 13:06:12:	DoSetAmplitudeModulation()
07/12/2012 13:06:15:	DoSetAmplitudeModulation()
07/12/2012 13:06:15:	DoSetPulseModulation()
07/12/2012 13:06:15:	DoSetAmplitude()
07/12/2012 13:06:15:	DoSetFrequency()
07/12/2012 13:06:15:	DoSetAmplitude()
07/12/2012 13:06:17:	DoSetAmplitudeModulation()
07/12/2012 13:06:20:	DoSetAmplitudeModulation()
07/12/2012 13:06:20:	DoSetPulseModulation()
07/12/2012 13:06:20:	DoSetAmplitude()
07/12/2012 13:06:20:	DoSetFrequency()
07/12/2012 13:06:21:	DoSetAmplitudeModulation()
07/12/2012 13:06:24:	DoSetAmplitudeModulation()
07/12/2012 13:06:24:	DoSetPulseModulation()
07/12/2012 13:06:24:	DoSetAmplitude()
07/12/2012 13:06:24:	DoSetFrequency()
07/12/2012 13:06:24:	DoSetAmplitude()
07/12/2012 13:06:25:	DoSetAmplitudeModulation()
07/12/2012 13:06:28:	DoSetAmplitudeModulation()
07/12/2012 13:06:28:	DoSetPulseModulation()
07/12/2012 13:06:28:	DoSetAmplitude()
07/12/2012 13:06:28:	DoSetFrequency()
07/12/2012 13:06:30:	DoSetAmplitudeModulation()
07/12/2012 13:06:33:	DoSetAmplitudeModulation()
07/12/2012 13:06:33:	DoSetPulseModulation()
07/12/2012 13:06:33:	DoSetAmplitude()
07/12/2012 13:06:33:	DoSetFrequency()
07/12/2012 13:06:34:	DoSetAmplitudeModulation()
07/12/2012 13:06:37:	DoSetAmplitudeModulation()
07/12/2012 13:06:37:	DoSetPulseModulation()
07/12/2012 13:06:37:	DoSetAmplitude()
07/12/2012 13:06:37:	DoSetFrequency()
07/12/2012 13:06:37:	DoSetAmplitude()
07/12/2012 13:06:39:	DoSetAmplitudeModulation()
07/12/2012 13:06:42:	DoSetAmplitudeModulation()
07/12/2012 13:06:42:	DoSetPulseModulation()
07/12/2012 13:06:42:	DoSetAmplitude()
07/12/2012 13:06:42:	DoSetFrequency()
07/12/2012 13:06:42:	DoSetAmplitude()
07/12/2012 13:06:43:	DoSetAmplitudeModulation()
07/12/2012 13:06:46:	DoSetAmplitudeModulation()
07/12/2012 13:06:46:	DoSetPulseModulation()
07/12/2012 13:06:46:	DoSetAmplitude()
07/12/2012 13:06:46:	DoSetFrequency()
07/12/2012 13:06:46:	DoSetAmplitude()
07/12/2012 13:06:47:	DoSetAmplitudeModulation()
07/12/2012 13:06:50:	DoSetAmplitudeModulation()
07/12/2012 13:06:50:	DoSetPulseModulation()
07/12/2012 13:06:50:	DoSetAmplitude()
07/12/2012 13:06:50:	DoSetFrequency()
07/12/2012 13:06:50:	DoSetAmplitude()
07/12/2012 13:06:50:	DoSetAmplitude()
07/12/2012 13:06:52:	DoSetAmplitudeModulation()
07/12/2012 13:06:55:	DoSetAmplitudeModulation()
07/12/2012 13:06:55:	DoSetPulseModulation()
07/12/2012 13:06:55:	DoSetAmplitude()
07/12/2012 13:06:55:	DoSetFrequency()
07/12/2012 13:06:55:	DoSetAmplitude()
07/12/2012 13:06:55:	DoSetAmplitude()
07/12/2012 13:06:57:	DoSetAmplitudeModulation()
07/12/2012 13:07:00:	DoSetAmplitudeModulation()
07/12/2012 13:07:00:	DoSetPulseModulation()
07/12/2012 13:07:00:	DoSetAmplitude()
07/12/2012 13:07:00:	DoSetFrequency()
07/12/2012 13:07:00:	DoSetAmplitude()
07/12/2012 13:07:00:	DoSetAmplitude()
07/12/2012 13:07:02:	DoSetAmplitudeModulation()
07/12/2012 13:07:05:	DoSetAmplitudeModulation()
07/12/2012 13:07:05:	DoSetPulseModulation()
07/12/2012 13:07:05:	DoSetAmplitude()
07/12/2012 13:07:05:	DoSetFrequency()
07/12/2012 13:07:05:	DoSetAmplitude()
07/12/2012 13:07:05:	DoSetAmplitude()
07/12/2012 13:07:07:	DoSetAmplitudeModulation()
07/12/2012 13:07:10:	DoSetAmplitudeModulation()
07/12/2012 13:07:10:	DoSetPulseModulation()
07/12/2012 13:07:10:	DoSetAmplitude()
07/12/2012 13:07:10:	DoSetFrequency()
07/12/2012 13:07:12:	DoSetAmplitudeModulation()
07/12/2012 13:07:15:	DoSetAmplitudeModulation()
07/12/2012 13:07:15:	DoSetPulseModulation()
07/12/2012 13:07:15:	DoSetAmplitude()
07/12/2012 13:07:15:	DoSetFrequency()
07/12/2012 13:07:15:	DoSetAmplitude()
07/12/2012 13:07:15:	DoSetAmplitude()
07/12/2012 13:07:17:	DoSetAmplitudeModulation()
07/12/2012 13:07:20:	DoSetAmplitudeModulation()
07/12/2012 13:07:20:	DoSetPulseModulation()
07/12/2012 13:07:20:	DoSetAmplitude()
07/12/2012 13:07:20:	DoSetFrequency()
07/12/2012 13:07:22:	DoSetAmplitudeModulation()
07/12/2012 13:07:25:	DoSetAmplitudeModulation()
07/12/2012 13:07:25:	DoSetPulseModulation()
07/12/2012 13:07:25:	DoSetAmplitude()
07/12/2012 13:07:25:	DoSetFrequency()
07/12/2012 13:07:27:	DoSetAmplitudeModulation()
07/12/2012 13:07:30:	DoSetAmplitudeModulation()
07/12/2012 13:07:30:	DoSetPulseModulation()
07/12/2012 13:07:30:	DoSetAmplitude()
07/12/2012 13:07:30:	DoSetFrequency()
07/12/2012 13:07:32:	DoSetAmplitudeModulation()
07/12/2012 13:07:35:	DoSetAmplitudeModulation()
07/12/2012 13:07:35:	DoSetPulseModulation()
07/12/2012 13:07:35:	DoSetAmplitude()
07/12/2012 13:07:35:	DoSetFrequency()
07/12/2012 13:07:37:	DoSetAmplitudeModulation()
07/12/2012 13:07:40:	DoSetAmplitudeModulation()
07/12/2012 13:07:40:	DoSetPulseModulation()
07/12/2012 13:07:40:	DoSetAmplitude()
07/12/2012 13:07:40:	DoSetFrequency()
07/12/2012 13:07:42:	DoSetAmplitudeModulation()
07/12/2012 13:07:45:	DoSetAmplitudeModulation()
07/12/2012 13:07:45:	DoSetPulseModulation()
07/12/2012 13:07:45:	DoSetAmplitude()
07/12/2012 13:07:45:	DoSetFrequency()
07/12/2012 13:07:47:	DoSetAmplitudeModulation()
07/12/2012 13:07:50:	DoSetAmplitudeModulation()
07/12/2012 13:07:50:	DoSetPulseModulation()
07/12/2012 13:07:50:	DoSetAmplitude()
07/12/2012 13:07:50:	DoSetFrequency()
07/12/2012 13:07:52:	DoSetAmplitudeModulation()
07/12/2012 13:07:55:	DoSetAmplitudeModulation()
07/12/2012 13:07:55:	DoSetPulseModulation()
07/12/2012 13:07:55:	DoSetAmplitude()
07/12/2012 13:07:55:	DoSetFrequency()
07/12/2012 13:07:55:	DoSetAmplitude()
07/12/2012 13:07:55:	DoSetAmplitude()
07/12/2012 13:07:56:	DoSetAmplitude()
07/12/2012 13:07:58:	DoSetAmplitudeModulation()
07/12/2012 13:08:01:	DoSetAmplitudeModulation()
07/12/2012 13:08:01:	DoSetPulseModulation()
07/12/2012 13:08:01:	DoSetAmplitude()
07/12/2012 13:08:01:	DoSetFrequency()
07/12/2012 13:08:01:	DoSetAmplitude()
07/12/2012 13:08:03:	DoSetAmplitudeModulation()
07/12/2012 13:08:06:	DoSetAmplitudeModulation()
07/12/2012 13:08:06:	DoSetPulseModulation()
07/12/2012 13:08:06:	DoSetAmplitude()
07/12/2012 13:08:06:	DoSetFrequency()
07/12/2012 13:08:06:	DoSetAmplitude()
07/12/2012 13:08:08:	DoSetAmplitudeModulation()
07/12/2012 13:08:11:	DoSetAmplitudeModulation()
07/12/2012 13:08:11:	DoSetPulseModulation()
07/12/2012 13:08:11:	DoSetAmplitude()
07/12/2012 13:08:11:	DoSetFrequency()
07/12/2012 13:08:11:	DoSetAmplitude()
07/12/2012 13:08:13:	DoSetAmplitudeModulation()
07/12/2012 13:08:16:	DoSetAmplitudeModulation()
07/12/2012 13:08:16:	DoSetPulseModulation()
07/12/2012 13:08:16:	DoSetAmplitude()
07/12/2012 13:08:16:	DoSetFrequency()
07/12/2012 13:08:16:	DoSetAmplitude()
07/12/2012 13:08:18:	DoSetAmplitudeModulation()
07/12/2012 13:08:21:	DoSetAmplitudeModulation()
07/12/2012 13:08:21:	DoSetPulseModulation()
07/12/2012 13:08:21:	DoSetAmplitude()
07/12/2012 13:08:21:	DoSetFrequency()
07/12/2012 13:08:23:	DoSetAmplitudeModulation()
07/12/2012 13:08:26:	DoSetAmplitudeModulation()
07/12/2012 13:08:26:	DoSetPulseModulation()
07/12/2012 13:08:26:	DoSetAmplitude()
07/12/2012 13:08:26:	DoSetFrequency()
07/12/2012 13:08:26:	DoSetAmplitude()
07/12/2012 13:08:26:	DoSetAmplitude()
07/12/2012 13:08:28:	DoSetAmplitudeModulation()
07/12/2012 13:08:31:	DoSetAmplitudeModulation()
07/12/2012 13:08:31:	DoSetPulseModulation()
07/12/2012 13:08:31:	DoSetAmplitude()
07/12/2012 13:08:31:	DoSetFrequency()
07/12/2012 13:08:31:	DoSetAmplitude()
07/12/2012 13:08:31:	DoSetAmplitude()
07/12/2012 13:08:33:	DoSetAmplitudeModulation()
07/12/2012 13:08:36:	DoSetAmplitudeModulation()
07/12/2012 13:08:36:	DoSetPulseModulation()
07/12/2012 13:08:36:	DoSetAmplitude()
07/12/2012 13:08:36:	DoSetFrequency()
07/12/2012 13:08:36:	DoSetAmplitude()
07/12/2012 13:08:36:	DoSetAmplitude()
07/12/2012 13:08:38:	DoSetAmplitudeModulation()
07/12/2012 13:08:41:	DoSetAmplitudeModulation()
07/12/2012 13:08:41:	DoSetPulseModulation()
07/12/2012 13:08:41:	DoSetAmplitude()
07/12/2012 13:08:41:	DoSetFrequency()
07/12/2012 13:08:41:	DoSetAmplitude()
07/12/2012 13:08:41:	DoSetAmplitude()
07/12/2012 13:08:43:	DoSetAmplitudeModulation()
07/12/2012 13:08:46:	DoSetAmplitudeModulation()
07/12/2012 13:08:46:	DoSetPulseModulation()
07/12/2012 13:08:46:	DoSetAmplitude()
07/12/2012 13:08:46:	DoSetFrequency()
07/12/2012 13:08:46:	DoSetAmplitude()
07/12/2012 13:08:46:	DoSetAmplitude()
07/12/2012 13:08:48:	DoSetAmplitudeModulation()
07/12/2012 13:08:51:	DoSetAmplitudeModulation()
07/12/2012 13:08:51:	DoSetPulseModulation()
07/12/2012 13:08:51:	DoSetAmplitude()
07/12/2012 13:08:51:	DoSetFrequency()
07/12/2012 13:08:51:	DoSetAmplitude()
07/12/2012 13:08:51:	DoSetAmplitude()
07/12/2012 13:08:53:	DoSetAmplitudeModulation()
07/12/2012 13:08:56:	DoSetAmplitudeModulation()
07/12/2012 13:08:56:	DoSetPulseModulation()
07/12/2012 13:08:56:	DoSetAmplitude()
07/12/2012 13:08:56:	DoSetFrequency()
07/12/2012 13:08:56:	DoSetAmplitude()
07/12/2012 13:08:56:	DoSetAmplitude()
07/12/2012 13:08:58:	DoSetAmplitudeModulation()
07/12/2012 13:09:01:	DoSetAmplitudeModulation()
07/12/2012 13:09:01:	DoSetPulseModulation()
07/12/2012 13:09:01:	DoSetAmplitude()
07/12/2012 13:09:01:	DoSetFrequency()
07/12/2012 13:09:01:	DoSetAmplitude()
07/12/2012 13:09:01:	DoSetAmplitude()
07/12/2012 13:09:03:	DoSetAmplitudeModulation()
07/12/2012 13:09:06:	DoSetAmplitudeModulation()
07/12/2012 13:09:06:	DoSetPulseModulation()
07/12/2012 13:09:06:	DoSetAmplitude()
07/12/2012 13:09:06:	DoSetFrequency()
07/12/2012 13:09:06:	DoSetAmplitude()
07/12/2012 13:09:06:	DoSetAmplitude()
07/12/2012 13:09:08:	DoSetAmplitudeModulation()
07/12/2012 13:09:11:	DoSetAmplitudeModulation()
07/12/2012 13:09:11:	DoSetPulseModulation()
07/12/2012 13:09:11:	DoSetAmplitude()
07/12/2012 13:09:11:	DoSetFrequency()
07/12/2012 13:09:11:	DoSetAmplitude()
07/12/2012 13:09:11:	DoSetAmplitude()
07/12/2012 13:09:13:	DoSetAmplitudeModulation()
07/12/2012 13:09:16:	DoSetAmplitudeModulation()
07/12/2012 13:09:16:	DoSetPulseModulation()
07/12/2012 13:09:16:	DoSetAmplitude()
07/12/2012 13:09:16:	DoSetFrequency()
07/12/2012 13:09:16:	DoSetAmplitude()
07/12/2012 13:09:16:	DoSetAmplitude()
07/12/2012 13:09:18:	DoSetAmplitudeModulation()
07/12/2012 13:09:21:	DoSetAmplitudeModulation()
07/12/2012 13:09:21:	DoSetPulseModulation()
07/12/2012 13:09:21:	DoSetAmplitude()
07/12/2012 13:09:21:	DoSetFrequency()
07/12/2012 13:09:21:	DoSetAmplitude()
07/12/2012 13:09:21:	DoSetAmplitude()
07/12/2012 13:09:23:	DoSetAmplitudeModulation()
07/12/2012 13:09:26:	DoSetAmplitudeModulation()
07/12/2012 13:09:26:	DoSetPulseModulation()
07/12/2012 13:09:26:	DoSetAmplitude()
07/12/2012 13:09:26:	DoSetFrequency()
07/12/2012 13:09:26:	DoSetAmplitude()
07/12/2012 13:09:26:	DoSetAmplitude()
07/12/2012 13:09:28:	DoSetAmplitudeModulation()
07/12/2012 13:09:31:	DoSetAmplitudeModulation()
07/12/2012 13:09:31:	DoSetPulseModulation()
07/12/2012 13:09:31:	DoSetAmplitude()
07/12/2012 13:09:31:	DoSetFrequency()
07/12/2012 13:09:31:	DoSetAmplitude()
07/12/2012 13:09:33:	DoSetAmplitudeModulation()
07/12/2012 13:09:36:	DoSetAmplitudeModulation()
07/12/2012 13:09:36:	DoSetPulseModulation()
07/12/2012 13:09:36:	DoSetAmplitude()
07/12/2012 13:09:36:	DoSetFrequency()
07/12/2012 13:09:36:	DoSetAmplitude()
07/12/2012 13:09:36:	DoSetAmplitude()
07/12/2012 13:09:38:	DoSetAmplitudeModulation()
07/12/2012 13:09:41:	DoSetAmplitudeModulation()
07/12/2012 13:09:41:	DoSetPulseModulation()
07/12/2012 13:09:41:	DoSetAmplitude()
07/12/2012 13:09:41:	DoSetFrequency()
07/12/2012 13:09:43:	DoSetAmplitudeModulation()
07/12/2012 13:09:46:	DoSetAmplitudeModulation()
07/12/2012 13:09:46:	DoSetPulseModulation()
07/12/2012 13:09:46:	DoSetAmplitude()
07/12/2012 13:09:46:	DoSetFrequency()
07/12/2012 13:09:46:	DoSetAmplitude()
07/12/2012 13:09:46:	DoSetAmplitude()
07/12/2012 13:09:48:	DoSetAmplitudeModulation()
07/12/2012 13:09:51:	DoSetAmplitudeModulation()
07/12/2012 13:09:51:	DoSetPulseModulation()
07/12/2012 13:09:51:	DoSetAmplitude()
07/12/2012 13:09:51:	DoSetFrequency()
07/12/2012 13:09:51:	DoSetAmplitude()
07/12/2012 13:09:51:	DoSetAmplitude()
07/12/2012 13:09:53:	DoSetAmplitudeModulation()
07/12/2012 13:09:56:	DoSetAmplitudeModulation()
07/12/2012 13:09:56:	DoSetPulseModulation()
07/12/2012 13:09:56:	DoSetAmplitude()
07/12/2012 13:09:56:	DoSetFrequency()
07/12/2012 13:09:56:	DoSetAmplitude()
07/12/2012 13:09:56:	DoSetAmplitude()
07/12/2012 13:09:58:	DoSetAmplitudeModulation()
07/12/2012 13:10:01:	DoSetAmplitudeModulation()
07/12/2012 13:10:01:	DoSetPulseModulation()
07/12/2012 13:10:01:	DoSetAmplitude()
07/12/2012 13:10:01:	DoSetFrequency()
07/12/2012 13:10:01:	DoSetAmplitude()
07/12/2012 13:10:01:	DoSetAmplitude()
07/12/2012 13:10:03:	DoSetAmplitudeModulation()
07/12/2012 13:10:06:	DoSetAmplitudeModulation()
07/12/2012 13:10:06:	DoSetPulseModulation()
07/12/2012 13:10:06:	DoSetAmplitude()
07/12/2012 13:10:06:	DoSetFrequency()
07/12/2012 13:10:08:	DoSetAmplitudeModulation()
07/12/2012 13:10:11:	DoSetAmplitudeModulation()
07/12/2012 13:10:11:	DoSetPulseModulation()
07/12/2012 13:10:11:	DoSetAmplitude()
07/12/2012 13:10:11:	DoSetFrequency()
07/12/2012 13:10:13:	DoSetAmplitudeModulation()
07/12/2012 13:10:16:	DoSetAmplitudeModulation()
07/12/2012 13:10:16:	DoSetPulseModulation()
07/12/2012 13:10:16:	DoSetAmplitude()
07/12/2012 13:10:16:	DoSetFrequency()
07/12/2012 13:10:18:	DoSetAmplitudeModulation()
07/12/2012 13:10:21:	DoSetAmplitudeModulation()
07/12/2012 13:10:21:	DoSetPulseModulation()
07/12/2012 13:10:21:	DoSetAmplitude()
07/12/2012 13:10:21:	DoSetFrequency()
07/12/2012 13:10:23:	DoSetAmplitudeModulation()
07/12/2012 13:10:26:	DoSetAmplitudeModulation()
07/12/2012 13:10:26:	DoSetPulseModulation()
07/12/2012 13:10:26:	DoSetAmplitude()
07/12/2012 13:10:26:	DoSetFrequency()
07/12/2012 13:10:28:	DoSetAmplitudeModulation()
07/12/2012 13:10:31:	DoSetAmplitudeModulation()
07/12/2012 13:10:31:	DoSetPulseModulation()
07/12/2012 13:10:31:	DoSetAmplitude()
07/12/2012 13:10:31:	DoSetFrequency()
07/12/2012 13:10:33:	DoSetAmplitudeModulation()
07/12/2012 13:10:36:	DoSetAmplitudeModulation()
07/12/2012 13:10:36:	DoSetPulseModulation()
07/12/2012 13:10:36:	DoSetAmplitude()
07/12/2012 13:10:36:	DoSetFrequency()
07/12/2012 13:10:38:	DoSetAmplitudeModulation()
07/12/2012 13:10:41:	DoSetAmplitudeModulation()
07/12/2012 13:10:41:	DoSetPulseModulation()
07/12/2012 13:10:41:	DoSetAmplitude()
07/12/2012 13:10:41:	DoSetFrequency()
07/12/2012 13:10:43:	DoSetAmplitudeModulation()
07/12/2012 13:10:46:	DoSetAmplitudeModulation()
07/12/2012 13:10:46:	DoSetPulseModulation()
07/12/2012 13:10:46:	DoSetAmplitude()
07/12/2012 13:10:46:	DoSetFrequency()
07/12/2012 13:10:48:	DoSetAmplitudeModulation()
07/12/2012 13:10:51:	DoSetAmplitudeModulation()
07/12/2012 13:10:51:	DoSetPulseModulation()
07/12/2012 13:10:51:	DoSetAmplitude()
07/12/2012 13:10:51:	DoSetFrequency()
07/12/2012 13:10:53:	DoSetAmplitudeModulation()
07/12/2012 13:10:56:	DoSetAmplitudeModulation()
07/12/2012 13:10:56:	DoSetPulseModulation()
07/12/2012 13:10:56:	DoSetAmplitude()
07/12/2012 13:10:56:	DoSetFrequency()
07/12/2012 13:10:56:	DoSetAmplitude()
07/12/2012 13:10:58:	DoSetAmplitudeModulation()
07/12/2012 13:11:01:	DoSetAmplitudeModulation()
07/12/2012 13:11:01:	DoSetPulseModulation()
07/12/2012 13:11:01:	DoSetAmplitude()
07/12/2012 13:11:01:	DoSetFrequency()
07/12/2012 13:11:03:	DoSetAmplitudeModulation()
07/12/2012 13:11:06:	DoSetAmplitudeModulation()
07/12/2012 13:11:06:	DoSetPulseModulation()
07/12/2012 13:11:06:	DoSetAmplitude()
07/12/2012 13:11:06:	DoSetFrequency()
07/12/2012 13:11:08:	DoSetAmplitudeModulation()
07/12/2012 13:11:11:	DoSetAmplitudeModulation()
07/12/2012 13:11:11:	DoSetPulseModulation()
07/12/2012 13:11:11:	DoSetAmplitude()
07/12/2012 13:11:11:	DoSetFrequency()
07/12/2012 13:11:11:	DoSetAmplitude()
07/12/2012 13:11:13:	DoSetAmplitudeModulation()
07/12/2012 13:11:16:	DoSetAmplitudeModulation()
07/12/2012 13:11:16:	DoSetPulseModulation()
07/12/2012 13:11:16:	DoSetAmplitude()
07/12/2012 13:11:16:	DoSetFrequency()
07/12/2012 13:11:16:	DoSetAmplitude()
07/12/2012 13:11:18:	DoSetAmplitudeModulation()
07/12/2012 13:11:21:	DoSetAmplitudeModulation()
07/12/2012 13:11:21:	DoSetPulseModulation()
07/12/2012 13:11:21:	DoSetAmplitude()
07/12/2012 13:11:21:	DoSetFrequency()
07/12/2012 13:11:21:	DoSetAmplitude()
07/12/2012 13:11:23:	DoSetAmplitudeModulation()
07/12/2012 13:11:26:	DoSetAmplitudeModulation()
07/12/2012 13:11:26:	DoSetPulseModulation()
07/12/2012 13:11:26:	DoSetAmplitude()
07/12/2012 13:11:26:	DoSetFrequency()
07/12/2012 13:11:26:	DoSetAmplitude()
07/12/2012 13:11:28:	DoSetAmplitudeModulation()
07/12/2012 13:11:31:	DoSetAmplitudeModulation()
07/12/2012 13:11:31:	DoSetPulseModulation()
07/12/2012 13:11:31:	DoSetAmplitude()
07/12/2012 13:11:31:	DoSetFrequency()
07/12/2012 13:11:31:	DoSetAmplitude()
07/12/2012 13:11:33:	DoSetAmplitudeModulation()
07/12/2012 13:11:36:	DoSetAmplitudeModulation()
07/12/2012 13:11:36:	DoSetPulseModulation()
07/12/2012 13:11:36:	DoSetAmplitude()
07/12/2012 13:11:36:	DoSetFrequency()
07/12/2012 13:11:36:	DoSetAmplitude()
07/12/2012 13:11:38:	DoSetAmplitudeModulation()
07/12/2012 13:11:41:	DoSetAmplitudeModulation()
07/12/2012 13:11:41:	DoSetPulseModulation()
07/12/2012 13:11:41:	DoSetAmplitude()
07/12/2012 13:11:41:	DoSetFrequency()
07/12/2012 13:11:41:	DoSetAmplitude()
07/12/2012 13:11:42:	DoSetAmplitudeModulation()
07/12/2012 13:11:45:	DoSetAmplitudeModulation()
07/12/2012 13:11:45:	DoSetPulseModulation()
07/12/2012 13:11:45:	DoSetAmplitude()
07/12/2012 13:11:45:	DoSetFrequency()
07/12/2012 13:11:47:	DoSetAmplitudeModulation()
07/12/2012 13:11:50:	DoSetAmplitudeModulation()
07/12/2012 13:11:50:	DoSetPulseModulation()
07/12/2012 13:11:50:	DoSetAmplitude()
07/12/2012 13:11:50:	DoSetFrequency()
07/12/2012 13:11:50:	DoSetAmplitude()
07/12/2012 13:11:50:	DoSetAmplitude()
07/12/2012 13:11:51:	DoSetAmplitudeModulation()
07/12/2012 13:11:54:	DoSetAmplitudeModulation()
07/12/2012 13:11:54:	DoSetPulseModulation()
07/12/2012 13:11:54:	DoSetAmplitude()
07/12/2012 13:11:54:	DoSetFrequency()
07/12/2012 13:11:54:	DoSetAmplitude()
07/12/2012 13:11:54:	DoSetAmplitude()
07/12/2012 13:11:56:	DoSetAmplitudeModulation()
07/12/2012 13:11:59:	DoSetAmplitudeModulation()
07/12/2012 13:11:59:	DoSetPulseModulation()
07/12/2012 13:11:59:	DoSetAmplitude()
07/12/2012 13:11:59:	DoSetFrequency()
07/12/2012 13:11:59:	DoSetAmplitude()
07/12/2012 13:11:59:	DoSetAmplitude()
07/12/2012 13:12:02:	DoSetAmplitudeModulation()
07/12/2012 13:12:05:	DoSetAmplitudeModulation()
07/12/2012 13:12:05:	DoSetPulseModulation()
07/12/2012 13:12:05:	DoSetAmplitude()
07/12/2012 13:12:05:	DoSetFrequency()
07/12/2012 13:12:07:	DoSetAmplitudeModulation()
07/12/2012 13:12:10:	DoSetAmplitudeModulation()
07/12/2012 13:12:10:	DoSetPulseModulation()
07/12/2012 13:12:10:	DoSetAmplitude()
07/12/2012 13:12:10:	DoSetFrequency()
07/12/2012 13:12:10:	DoSetAmplitude()
07/12/2012 13:12:10:	DoSetAmplitude()
07/12/2012 13:12:12:	DoSetAmplitudeModulation()
07/12/2012 13:12:15:	DoSetAmplitudeModulation()
07/12/2012 13:12:15:	DoSetPulseModulation()
07/12/2012 13:12:15:	DoSetAmplitude()
07/12/2012 13:12:15:	DoSetFrequency()
07/12/2012 13:12:17:	DoSetAmplitudeModulation()
07/12/2012 13:12:20:	DoSetAmplitudeModulation()
07/12/2012 13:12:20:	DoSetPulseModulation()
07/12/2012 13:12:20:	DoSetAmplitude()
07/12/2012 13:12:20:	DoSetFrequency()
07/12/2012 13:12:22:	DoSetAmplitudeModulation()
07/12/2012 13:12:25:	DoSetAmplitudeModulation()
07/12/2012 13:12:25:	DoSetPulseModulation()
07/12/2012 13:12:25:	DoSetAmplitude()
07/12/2012 13:12:25:	DoSetFrequency()
07/12/2012 13:12:27:	DoSetAmplitudeModulation()
07/12/2012 13:12:30:	DoSetAmplitudeModulation()
07/12/2012 13:12:30:	DoSetPulseModulation()
07/12/2012 13:12:30:	DoSetAmplitude()
07/12/2012 13:12:30:	DoSetFrequency()
07/12/2012 13:12:32:	DoSetAmplitudeModulation()
07/12/2012 13:12:35:	DoSetAmplitudeModulation()
07/12/2012 13:12:35:	DoSetPulseModulation()
07/12/2012 13:12:35:	DoSetAmplitude()
07/12/2012 13:12:35:	DoSetFrequency()
07/12/2012 13:12:38:	DoSetAmplitudeModulation()
07/12/2012 13:12:41:	DoSetAmplitudeModulation()
07/12/2012 13:12:41:	DoSetPulseModulation()
07/12/2012 13:12:41:	DoSetAmplitude()
07/12/2012 13:12:41:	DoSetFrequency()
07/12/2012 13:12:41:	DoSetAmplitude()
07/12/2012 13:12:43:	DoSetAmplitudeModulation()
07/12/2012 13:12:46:	DoSetAmplitudeModulation()
07/12/2012 13:12:46:	DoSetPulseModulation()
07/12/2012 13:12:46:	DoSetAmplitude()
07/12/2012 13:12:46:	DoSetFrequency()
07/12/2012 13:12:46:	DoSetAmplitude()
07/12/2012 13:12:46:	DoSetAmplitude()
07/12/2012 13:12:48:	DoSetAmplitudeModulation()
07/12/2012 13:12:51:	DoSetAmplitudeModulation()
07/12/2012 13:12:51:	DoSetPulseModulation()
07/12/2012 13:12:51:	DoSetAmplitude()
07/12/2012 13:12:51:	DoSetFrequency()
07/12/2012 13:12:51:	DoSetAmplitude()
07/12/2012 13:12:51:	DoSetAmplitude()
07/12/2012 13:12:53:	DoSetAmplitudeModulation()
07/12/2012 13:12:56:	DoSetAmplitudeModulation()
07/12/2012 13:12:56:	DoSetPulseModulation()
07/12/2012 13:12:56:	DoSetAmplitude()
07/12/2012 13:12:56:	DoSetFrequency()
07/12/2012 13:12:56:	DoSetAmplitude()
07/12/2012 13:12:56:	DoSetAmplitude()
07/12/2012 13:12:58:	DoSetAmplitudeModulation()
07/12/2012 13:13:01:	DoSetAmplitudeModulation()
07/12/2012 13:13:01:	DoSetPulseModulation()
07/12/2012 13:13:01:	DoSetAmplitude()
07/12/2012 13:13:01:	DoSetFrequency()
07/12/2012 13:13:01:	DoSetAmplitude()
07/12/2012 13:13:01:	DoSetAmplitude()
07/12/2012 13:13:01:	DoSetAmplitude()
07/12/2012 13:13:03:	DoSetAmplitudeModulation()
07/12/2012 13:13:06:	DoSetAmplitudeModulation()
07/12/2012 13:13:06:	DoSetPulseModulation()
07/12/2012 13:13:06:	DoSetAmplitude()
07/12/2012 13:13:06:	DoSetFrequency()
07/12/2012 13:13:06:	DoSetAmplitude()
07/12/2012 13:13:06:	DoSetAmplitude()
07/12/2012 13:13:06:	DoSetAmplitude()
07/12/2012 13:13:08:	DoSetAmplitudeModulation()
07/12/2012 13:13:11:	DoSetAmplitudeModulation()
07/12/2012 13:13:11:	DoSetPulseModulation()
07/12/2012 13:13:11:	DoSetAmplitude()
07/12/2012 13:13:11:	DoSetFrequency()
07/12/2012 13:13:11:	DoSetAmplitude()
07/12/2012 13:13:11:	DoSetAmplitude()
07/12/2012 13:13:11:	DoSetAmplitude()
07/12/2012 13:13:14:	DoSetAmplitudeModulation()
07/12/2012 13:13:17:	DoSetAmplitudeModulation()
07/12/2012 13:13:17:	DoSetPulseModulation()
07/12/2012 13:13:17:	DoSetAmplitude()
07/12/2012 13:13:17:	DoSetFrequency()
07/12/2012 13:13:19:	DoSetAmplitudeModulation()
07/12/2012 13:13:22:	DoSetAmplitudeModulation()
07/12/2012 13:13:22:	DoSetPulseModulation()
07/12/2012 13:13:22:	DoSetAmplitude()
07/12/2012 13:13:22:	DoSetFrequency()
07/12/2012 13:13:22:	DoSetAmplitude()
07/12/2012 13:13:22:	DoSetAmplitude()
07/12/2012 13:13:24:	DoSetAmplitudeModulation()
07/12/2012 13:13:27:	DoSetAmplitudeModulation()
07/12/2012 13:13:27:	DoSetPulseModulation()
07/12/2012 13:13:27:	DoSetAmplitude()
07/12/2012 13:13:27:	DoSetFrequency()
07/12/2012 13:13:29:	DoSetAmplitudeModulation()
07/12/2012 13:13:32:	DoSetAmplitudeModulation()
07/12/2012 13:13:32:	DoSetPulseModulation()
07/12/2012 13:13:32:	DoSetAmplitude()
07/12/2012 13:13:32:	DoSetFrequency()
07/12/2012 13:13:32:	DoSetAmplitude()
07/12/2012 13:13:32:	DoSetAmplitude()
07/12/2012 13:13:34:	DoSetAmplitudeModulation()
07/12/2012 13:13:37:	DoSetAmplitudeModulation()
07/12/2012 13:13:37:	DoSetPulseModulation()
07/12/2012 13:13:37:	DoSetAmplitude()
07/12/2012 13:13:37:	DoSetFrequency()
07/12/2012 13:13:37:	DoSetAmplitude()
07/12/2012 13:13:37:	DoSetAmplitude()
07/12/2012 13:13:39:	DoSetAmplitudeModulation()
07/12/2012 13:13:42:	DoSetAmplitudeModulation()
07/12/2012 13:13:42:	DoSetPulseModulation()
07/12/2012 13:13:42:	DoSetAmplitude()
07/12/2012 13:13:42:	DoSetFrequency()
07/12/2012 13:13:42:	DoSetAmplitude()
07/12/2012 13:13:42:	DoSetAmplitude()
07/12/2012 13:13:44:	DoSetAmplitudeModulation()
07/12/2012 13:13:47:	DoSetAmplitudeModulation()
07/12/2012 13:13:47:	DoSetPulseModulation()
07/12/2012 13:13:47:	DoSetAmplitude()
07/12/2012 13:13:47:	DoSetFrequency()
07/12/2012 13:13:47:	DoSetAmplitude()
07/12/2012 13:13:47:	DoSetAmplitude()
07/12/2012 13:13:49:	DoSetAmplitudeModulation()
07/12/2012 13:13:52:	DoSetAmplitudeModulation()
07/12/2012 13:13:52:	DoSetPulseModulation()
07/12/2012 13:13:52:	DoSetAmplitude()
07/12/2012 13:13:52:	DoSetFrequency()
07/12/2012 13:13:54:	DoSetAmplitudeModulation()
07/12/2012 13:13:57:	DoSetAmplitudeModulation()
07/12/2012 13:13:57:	DoSetPulseModulation()
07/12/2012 13:13:57:	DoSetAmplitude()
07/12/2012 13:13:57:	DoSetFrequency()
07/12/2012 13:13:59:	DoSetAmplitudeModulation()
07/12/2012 13:14:02:	DoSetAmplitudeModulation()
07/12/2012 13:14:02:	DoSetPulseModulation()
07/12/2012 13:14:02:	DoSetAmplitude()
07/12/2012 13:14:02:	DoSetFrequency()
07/12/2012 13:14:02:	DoSetAmplitude()
07/12/2012 13:14:02:	DoSetAmplitude()
07/12/2012 13:14:02:	DoSetAmplitude()
07/12/2012 13:14:04:	DoSetAmplitudeModulation()
07/12/2012 13:14:07:	DoSetAmplitudeModulation()
07/12/2012 13:14:07:	DoSetPulseModulation()
07/12/2012 13:14:07:	DoSetAmplitude()
07/12/2012 13:14:07:	DoSetFrequency()
07/12/2012 13:14:09:	DoSetAmplitudeModulation()
07/12/2012 13:14:12:	DoSetAmplitudeModulation()
07/12/2012 13:14:12:	DoSetPulseModulation()
07/12/2012 13:14:12:	DoSetAmplitude()
07/12/2012 13:14:12:	DoSetFrequency()
07/12/2012 13:14:12:	DoSetAmplitude()
07/12/2012 13:14:14:	DoSetAmplitudeModulation()
07/12/2012 13:14:17:	DoSetAmplitudeModulation()
07/12/2012 13:14:17:	DoSetPulseModulation()
07/12/2012 13:14:17:	DoSetAmplitude()
07/12/2012 13:14:17:	DoSetFrequency()
07/12/2012 13:14:17:	DoSetAmplitude()
07/12/2012 13:14:19:	DoSetAmplitudeModulation()
07/12/2012 13:14:22:	DoSetAmplitudeModulation()
07/12/2012 13:14:22:	DoSetPulseModulation()
07/12/2012 13:14:22:	DoSetAmplitude()
07/12/2012 13:14:22:	DoSetFrequency()
07/12/2012 13:14:24:	DoSetAmplitudeModulation()
07/12/2012 13:14:27:	DoSetAmplitudeModulation()
07/12/2012 13:14:27:	DoSetPulseModulation()
07/12/2012 13:14:27:	DoSetAmplitude()
07/12/2012 13:14:27:	DoSetFrequency()
07/12/2012 13:14:27:	DoSetAmplitude()
07/12/2012 13:14:29:	DoSetOutputState()
07/12/2012 13:22:31:	DoSetOutputState()
07/12/2012 13:22:31:	DoSetAmplitude()
07/12/2012 13:22:31:	DoSetFrequency()
07/12/2012 13:22:31:	DoSetAmplitude()
07/12/2012 13:22:31:	DoSetAmplitude()
07/12/2012 13:22:32:	DoSetAmplitude()
07/12/2012 13:22:34:	DoSetAmplitudeModulation()
07/12/2012 13:22:37:	DoSetAmplitudeModulation()
07/12/2012 13:22:37:	DoSetPulseModulation()
07/12/2012 13:22:37:	DoSetAmplitude()
07/12/2012 13:22:37:	DoSetFrequency()
07/12/2012 13:22:37:	DoSetAmplitude()
07/12/2012 13:22:37:	DoSetAmplitude()
07/12/2012 13:22:39:	DoSetAmplitudeModulation()
07/12/2012 13:22:42:	DoSetAmplitudeModulation()
07/12/2012 13:22:42:	DoSetPulseModulation()
07/12/2012 13:22:42:	DoSetAmplitude()
07/12/2012 13:22:42:	DoSetFrequency()
07/12/2012 13:22:42:	DoSetAmplitude()
07/12/2012 13:22:44:	DoSetAmplitudeModulation()
07/12/2012 13:22:47:	DoSetAmplitudeModulation()
07/12/2012 13:22:47:	DoSetPulseModulation()
07/12/2012 13:22:47:	DoSetAmplitude()
07/12/2012 13:22:47:	DoSetFrequency()
07/12/2012 13:22:47:	DoSetAmplitude()
07/12/2012 13:22:49:	DoSetAmplitudeModulation()
07/12/2012 13:22:52:	DoSetAmplitudeModulation()
07/12/2012 13:22:52:	DoSetPulseModulation()
07/12/2012 13:22:52:	DoSetAmplitude()
07/12/2012 13:22:52:	DoSetFrequency()
07/12/2012 13:22:52:	DoSetAmplitude()
07/12/2012 13:22:54:	DoSetAmplitudeModulation()
07/12/2012 13:22:57:	DoSetAmplitudeModulation()
07/12/2012 13:22:57:	DoSetPulseModulation()
07/12/2012 13:22:57:	DoSetAmplitude()
07/12/2012 13:22:57:	DoSetFrequency()
07/12/2012 13:22:57:	DoSetAmplitude()
07/12/2012 13:22:59:	DoSetAmplitudeModulation()
07/12/2012 13:23:02:	DoSetAmplitudeModulation()
07/12/2012 13:23:02:	DoSetPulseModulation()
07/12/2012 13:23:02:	DoSetAmplitude()
07/12/2012 13:23:02:	DoSetFrequency()
07/12/2012 13:23:02:	DoSetAmplitude()
07/12/2012 13:23:03:	DoSetAmplitudeModulation()
07/12/2012 13:23:06:	DoSetAmplitudeModulation()
07/12/2012 13:23:06:	DoSetPulseModulation()
07/12/2012 13:23:06:	DoSetAmplitude()
07/12/2012 13:23:06:	DoSetFrequency()
07/12/2012 13:23:06:	DoSetAmplitude()
07/12/2012 13:23:07:	DoSetAmplitudeModulation()
07/12/2012 13:23:10:	DoSetAmplitudeModulation()
07/12/2012 13:23:10:	DoSetPulseModulation()
07/12/2012 13:23:10:	DoSetAmplitude()
07/12/2012 13:23:10:	DoSetFrequency()
07/12/2012 13:23:10:	DoSetAmplitude()
07/12/2012 13:23:11:	DoSetAmplitudeModulation()
07/12/2012 13:23:14:	DoSetAmplitudeModulation()
07/12/2012 13:23:14:	DoSetPulseModulation()
07/12/2012 13:23:14:	DoSetAmplitude()
07/12/2012 13:23:14:	DoSetFrequency()
07/12/2012 13:23:14:	DoSetAmplitude()
07/12/2012 13:23:16:	DoSetAmplitudeModulation()
07/12/2012 13:23:19:	DoSetAmplitudeModulation()
07/12/2012 13:23:19:	DoSetPulseModulation()
07/12/2012 13:23:19:	DoSetAmplitude()
07/12/2012 13:23:19:	DoSetFrequency()
07/12/2012 13:23:19:	DoSetAmplitude()
07/12/2012 13:23:21:	DoSetAmplitudeModulation()
07/12/2012 13:23:24:	DoSetAmplitudeModulation()
07/12/2012 13:23:24:	DoSetPulseModulation()
07/12/2012 13:23:24:	DoSetAmplitude()
07/12/2012 13:23:24:	DoSetFrequency()
07/12/2012 13:23:24:	DoSetAmplitude()
07/12/2012 13:23:26:	DoSetAmplitudeModulation()
07/12/2012 13:23:29:	DoSetAmplitudeModulation()
07/12/2012 13:23:29:	DoSetPulseModulation()
07/12/2012 13:23:29:	DoSetAmplitude()
07/12/2012 13:23:29:	DoSetFrequency()
07/12/2012 13:23:31:	DoSetAmplitudeModulation()
07/12/2012 13:23:34:	DoSetAmplitudeModulation()
07/12/2012 13:23:34:	DoSetPulseModulation()
07/12/2012 13:23:34:	DoSetAmplitude()
07/12/2012 13:23:34:	DoSetFrequency()
07/12/2012 13:23:34:	DoSetAmplitude()
07/12/2012 13:23:34:	DoSetAmplitude()
07/12/2012 13:23:34:	DoSetAmplitude()
07/12/2012 13:23:37:	DoSetAmplitudeModulation()
07/12/2012 13:23:40:	DoSetAmplitudeModulation()
07/12/2012 13:23:40:	DoSetPulseModulation()
07/12/2012 13:23:40:	DoSetAmplitude()
07/12/2012 13:23:40:	DoSetFrequency()
07/12/2012 13:23:40:	DoSetAmplitude()
07/12/2012 13:23:42:	DoSetAmplitudeModulation()
07/12/2012 13:23:45:	DoSetAmplitudeModulation()
07/12/2012 13:23:45:	DoSetPulseModulation()
07/12/2012 13:23:45:	DoSetAmplitude()
07/12/2012 13:23:45:	DoSetFrequency()
07/12/2012 13:23:45:	DoSetAmplitude()
07/12/2012 13:23:47:	DoSetAmplitudeModulation()
07/12/2012 13:23:50:	DoSetAmplitudeModulation()
07/12/2012 13:23:50:	DoSetPulseModulation()
07/12/2012 13:23:50:	DoSetAmplitude()
07/12/2012 13:23:50:	DoSetFrequency()
07/12/2012 13:23:52:	DoSetAmplitudeModulation()
07/12/2012 13:23:55:	DoSetAmplitudeModulation()
07/12/2012 13:23:55:	DoSetPulseModulation()
07/12/2012 13:23:55:	DoSetAmplitude()
07/12/2012 13:23:55:	DoSetFrequency()
07/12/2012 13:23:55:	DoSetAmplitude()
07/12/2012 13:23:55:	DoSetAmplitude()
07/12/2012 13:23:58:	DoSetAmplitudeModulation()
07/12/2012 13:24:01:	DoSetAmplitudeModulation()
07/12/2012 13:24:01:	DoSetPulseModulation()
07/12/2012 13:24:01:	DoSetAmplitude()
07/12/2012 13:24:01:	DoSetFrequency()
07/12/2012 13:24:01:	DoSetAmplitude()
07/12/2012 13:24:03:	DoSetAmplitudeModulation()
07/12/2012 13:24:06:	DoSetAmplitudeModulation()
07/12/2012 13:24:06:	DoSetPulseModulation()
07/12/2012 13:24:06:	DoSetAmplitude()
07/12/2012 13:24:06:	DoSetFrequency()
07/12/2012 13:24:06:	DoSetAmplitude()
07/12/2012 13:24:08:	DoSetAmplitudeModulation()
07/12/2012 13:24:11:	DoSetAmplitudeModulation()
07/12/2012 13:24:11:	DoSetPulseModulation()
07/12/2012 13:24:11:	DoSetAmplitude()
07/12/2012 13:24:11:	DoSetFrequency()
07/12/2012 13:24:11:	DoSetAmplitude()
07/12/2012 13:24:13:	DoSetAmplitudeModulation()
07/12/2012 13:24:16:	DoSetAmplitudeModulation()
07/12/2012 13:24:16:	DoSetPulseModulation()
07/12/2012 13:24:16:	DoSetAmplitude()
07/12/2012 13:24:16:	DoSetFrequency()
07/12/2012 13:24:16:	DoSetAmplitude()
07/12/2012 13:24:16:	DoSetAmplitude()
07/12/2012 13:24:18:	DoSetAmplitudeModulation()
07/12/2012 13:24:21:	DoSetAmplitudeModulation()
07/12/2012 13:24:21:	DoSetPulseModulation()
07/12/2012 13:24:21:	DoSetAmplitude()
07/12/2012 13:24:21:	DoSetFrequency()
07/12/2012 13:24:21:	DoSetAmplitude()
07/12/2012 13:24:21:	DoSetAmplitude()
07/12/2012 13:24:23:	DoSetAmplitudeModulation()
07/12/2012 13:24:26:	DoSetAmplitudeModulation()
07/12/2012 13:24:26:	DoSetPulseModulation()
07/12/2012 13:24:26:	DoSetAmplitude()
07/12/2012 13:24:26:	DoSetFrequency()
07/12/2012 13:24:26:	DoSetAmplitude()
07/12/2012 13:24:26:	DoSetAmplitude()
07/12/2012 13:24:28:	DoSetAmplitudeModulation()
07/12/2012 13:24:31:	DoSetAmplitudeModulation()
07/12/2012 13:24:31:	DoSetPulseModulation()
07/12/2012 13:24:31:	DoSetAmplitude()
07/12/2012 13:24:31:	DoSetFrequency()
07/12/2012 13:24:31:	DoSetAmplitude()
07/12/2012 13:24:33:	DoSetAmplitudeModulation()
07/12/2012 13:24:36:	DoSetAmplitudeModulation()
07/12/2012 13:24:36:	DoSetPulseModulation()
07/12/2012 13:24:36:	DoSetAmplitude()
07/12/2012 13:24:36:	DoSetFrequency()
07/12/2012 13:24:36:	DoSetAmplitude()
07/12/2012 13:24:38:	DoSetAmplitudeModulation()
07/12/2012 13:24:41:	DoSetAmplitudeModulation()
07/12/2012 13:24:41:	DoSetPulseModulation()
07/12/2012 13:24:41:	DoSetAmplitude()
07/12/2012 13:24:41:	DoSetFrequency()
07/12/2012 13:24:41:	DoSetAmplitude()
07/12/2012 13:24:43:	DoSetAmplitudeModulation()
07/12/2012 13:24:46:	DoSetAmplitudeModulation()
07/12/2012 13:24:46:	DoSetPulseModulation()
07/12/2012 13:24:46:	DoSetAmplitude()
07/12/2012 13:24:46:	DoSetFrequency()
07/12/2012 13:24:46:	DoSetAmplitude()
07/12/2012 13:24:48:	DoSetAmplitudeModulation()
07/12/2012 13:24:51:	DoSetAmplitudeModulation()
07/12/2012 13:24:51:	DoSetPulseModulation()
07/12/2012 13:24:51:	DoSetAmplitude()
07/12/2012 13:24:51:	DoSetFrequency()
07/12/2012 13:24:51:	DoSetAmplitude()
07/12/2012 13:24:53:	DoSetAmplitudeModulation()
07/12/2012 13:24:56:	DoSetAmplitudeModulation()
07/12/2012 13:24:56:	DoSetPulseModulation()
07/12/2012 13:24:56:	DoSetAmplitude()
07/12/2012 13:24:56:	DoSetFrequency()
07/12/2012 13:24:56:	DoSetAmplitude()
07/12/2012 13:24:58:	DoSetAmplitudeModulation()
07/12/2012 13:25:01:	DoSetAmplitudeModulation()
07/12/2012 13:25:01:	DoSetPulseModulation()
07/12/2012 13:25:01:	DoSetAmplitude()
07/12/2012 13:25:01:	DoSetFrequency()
07/12/2012 13:25:03:	DoSetAmplitudeModulation()
07/12/2012 13:25:06:	DoSetAmplitudeModulation()
07/12/2012 13:25:06:	DoSetPulseModulation()
07/12/2012 13:25:06:	DoSetAmplitude()
07/12/2012 13:25:06:	DoSetFrequency()
07/12/2012 13:25:08:	DoSetAmplitudeModulation()
07/12/2012 13:25:11:	DoSetAmplitudeModulation()
07/12/2012 13:25:11:	DoSetPulseModulation()
07/12/2012 13:25:11:	DoSetAmplitude()
07/12/2012 13:25:11:	DoSetFrequency()
07/12/2012 13:25:13:	DoSetAmplitudeModulation()
07/12/2012 13:25:16:	DoSetAmplitudeModulation()
07/12/2012 13:25:16:	DoSetPulseModulation()
07/12/2012 13:25:16:	DoSetAmplitude()
07/12/2012 13:25:16:	DoSetFrequency()
07/12/2012 13:25:16:	DoSetAmplitude()
07/12/2012 13:25:16:	DoSetAmplitude()
07/12/2012 13:25:18:	DoSetAmplitudeModulation()
07/12/2012 13:25:21:	DoSetAmplitudeModulation()
07/12/2012 13:25:21:	DoSetPulseModulation()
07/12/2012 13:25:21:	DoSetAmplitude()
07/12/2012 13:25:21:	DoSetFrequency()
07/12/2012 13:25:23:	DoSetAmplitudeModulation()
07/12/2012 13:25:26:	DoSetAmplitudeModulation()
07/12/2012 13:25:26:	DoSetPulseModulation()
07/12/2012 13:25:26:	DoSetAmplitude()
07/12/2012 13:25:26:	DoSetFrequency()
07/12/2012 13:25:26:	DoSetAmplitude()
07/12/2012 13:25:26:	DoSetAmplitude()
07/12/2012 13:25:27:	DoSetAmplitudeModulation()
07/12/2012 13:25:30:	DoSetAmplitudeModulation()
07/12/2012 13:25:30:	DoSetPulseModulation()
07/12/2012 13:25:30:	DoSetAmplitude()
07/12/2012 13:25:30:	DoSetFrequency()
07/12/2012 13:25:30:	DoSetAmplitude()
07/12/2012 13:25:30:	DoSetAmplitude()
07/12/2012 13:25:31:	DoSetAmplitudeModulation()
07/12/2012 13:25:34:	DoSetAmplitudeModulation()
07/12/2012 13:25:34:	DoSetPulseModulation()
07/12/2012 13:25:34:	DoSetAmplitude()
07/12/2012 13:25:34:	DoSetFrequency()
07/12/2012 13:25:36:	DoSetAmplitudeModulation()
07/12/2012 13:25:39:	DoSetAmplitudeModulation()
07/12/2012 13:25:39:	DoSetPulseModulation()
07/12/2012 13:25:39:	DoSetAmplitude()
07/12/2012 13:25:39:	DoSetFrequency()
07/12/2012 13:25:41:	DoSetAmplitudeModulation()
07/12/2012 13:25:44:	DoSetAmplitudeModulation()
07/12/2012 13:25:44:	DoSetPulseModulation()
07/12/2012 13:25:44:	DoSetAmplitude()
07/12/2012 13:25:44:	DoSetFrequency()
07/12/2012 13:25:44:	DoSetAmplitude()
07/12/2012 13:25:44:	DoSetAmplitude()
07/12/2012 13:25:46:	DoSetAmplitudeModulation()
07/12/2012 13:25:49:	DoSetOutputState()
07/12/2012 13:25:49:	DoSetAmplitudeModulation()
07/12/2012 13:25:49:	DoSetPulseModulation()
